<?xml version="1.0" encoding="UTF-8"?>
<testsuite name="com.example.warehouse.service.ItemServiceImplIntegrationTest" tests="33" skipped="0" failures="0" errors="0" timestamp="2025-11-10T12:45:01.814Z" hostname="ASUS-TUF" time="1.643">
  <properties/>
  <testcase name="update_ShouldThrowItemNotFoundException_WhenItemNotFound()" classname="com.example.warehouse.service.ItemServiceImplIntegrationTest" time="0.049"/>
  <testcase name="findPage_ShouldReturnFilteredByTypeAndCondition_WhenBothFiltersApplied()" classname="com.example.warehouse.service.ItemServiceImplIntegrationTest" time="0.046"/>
  <testcase name="findAvailable_ShouldReturnItemsWithCursor_WhenCursorSpecified()" classname="com.example.warehouse.service.ItemServiceImplIntegrationTest" time="0.05"/>
  <testcase name="findPage_ShouldReturnFilteredByCondition_WhenConditionFilterApplied()" classname="com.example.warehouse.service.ItemServiceImplIntegrationTest" time="0.047"/>
  <testcase name="delete_ShouldDeleteItem_WhenItemExists()" classname="com.example.warehouse.service.ItemServiceImplIntegrationTest" time="0.063"/>
  <testcase name="delete_ShouldThrowItemNotFoundException_WhenItemNotFound()" classname="com.example.warehouse.service.ItemServiceImplIntegrationTest" time="0.045"/>
  <testcase name="findAvailable_ShouldReturnEmptyList_WhenNoMatchingFilters()" classname="com.example.warehouse.service.ItemServiceImplIntegrationTest" time="0.05"/>
  <testcase name="create_ShouldCreateItem_WhenSerialNumberIsEmpty()" classname="com.example.warehouse.service.ItemServiceImplIntegrationTest" time="0.047"/>
  <testcase name="update_ShouldThrowDuplicateSerialNumberException_WhenSerialNumberExistsOnOtherItem()" classname="com.example.warehouse.service.ItemServiceImplIntegrationTest" time="0.051"/>
  <testcase name="findAvailable_ShouldReturnFilteredByTypeAndCondition_WhenBothFiltersApplied()" classname="com.example.warehouse.service.ItemServiceImplIntegrationTest" time="0.051"/>
  <testcase name="findPage_ShouldReturnAllItems_WhenNoFilters()" classname="com.example.warehouse.service.ItemServiceImplIntegrationTest" time="0.046"/>
  <testcase name="findPage_ShouldReturnFilteredByType_WhenTypeFilterApplied()" classname="com.example.warehouse.service.ItemServiceImplIntegrationTest" time="0.045"/>
  <testcase name="findPage_ShouldReturnSecondPage_WhenPageOneRequested()" classname="com.example.warehouse.service.ItemServiceImplIntegrationTest" time="0.054"/>
  <testcase name="findPage_ShouldReturnSortedByCreatedAtDesc()" classname="com.example.warehouse.service.ItemServiceImplIntegrationTest" time="0.047"/>
  <testcase name="findAvailable_ShouldReturnEmptyList_WhenLimitZero()" classname="com.example.warehouse.service.ItemServiceImplIntegrationTest" time="0.044"/>
  <testcase name="create_ShouldCreateItem_WhenSerialNumberIsNull()" classname="com.example.warehouse.service.ItemServiceImplIntegrationTest" time="0.045"/>
  <testcase name="findPage_ShouldReturnPagedResults_WhenPageSizeSmallerThanTotal()" classname="com.example.warehouse.service.ItemServiceImplIntegrationTest" time="0.053"/>
  <testcase name="getById_ShouldThrowItemNotFoundException_WhenItemNotFound()" classname="com.example.warehouse.service.ItemServiceImplIntegrationTest" time="0.042"/>
  <testcase name="update_ShouldUpdateItem_WhenValidData()" classname="com.example.warehouse.service.ItemServiceImplIntegrationTest" time="0.055"/>
  <testcase name="update_ShouldNotCheckSerialNumber_WhenSerialNumberNotChanged()" classname="com.example.warehouse.service.ItemServiceImplIntegrationTest" time="0.058"/>
  <testcase name="findPage_ShouldReturnEmptyPage_WhenPageOutOfRange()" classname="com.example.warehouse.service.ItemServiceImplIntegrationTest" time="0.046"/>
  <testcase name="update_ShouldUpdateItem_WhenSerialNumberChangedToUnique()" classname="com.example.warehouse.service.ItemServiceImplIntegrationTest" time="0.059"/>
  <testcase name="findPage_ShouldReturnEmptyPage_WhenNoMatchingFilters()" classname="com.example.warehouse.service.ItemServiceImplIntegrationTest" time="0.042"/>
  <testcase name="findAvailable_ShouldReturnLimitedItems_WhenLimitSpecified()" classname="com.example.warehouse.service.ItemServiceImplIntegrationTest" time="0.05"/>
  <testcase name="getById_ShouldReturnItem_WhenItemExists()" classname="com.example.warehouse.service.ItemServiceImplIntegrationTest" time="0.042"/>
  <testcase name="update_ShouldUpdateItem_WhenSerialNumberSetToNull()" classname="com.example.warehouse.service.ItemServiceImplIntegrationTest" time="0.055"/>
  <testcase name="findAvailable_ShouldReturnItemsWithCursorAndTypeFilter()" classname="com.example.warehouse.service.ItemServiceImplIntegrationTest" time="0.047"/>
  <testcase name="create_ShouldCreateItem_WhenValidData()" classname="com.example.warehouse.service.ItemServiceImplIntegrationTest" time="0.053"/>
  <testcase name="findAvailable_ShouldReturnFilteredByCondition_WhenConditionFilterApplied()" classname="com.example.warehouse.service.ItemServiceImplIntegrationTest" time="0.048"/>
  <testcase name="findAvailable_ShouldReturnAllItems_WhenNoFiltersAndNoCursor()" classname="com.example.warehouse.service.ItemServiceImplIntegrationTest" time="0.046"/>
  <testcase name="create_ShouldThrowDuplicateSerialNumberException_WhenSerialNumberExists()" classname="com.example.warehouse.service.ItemServiceImplIntegrationTest" time="0.045"/>
  <testcase name="findAvailable_ShouldReturnFilteredByType_WhenTypeFilterApplied()" classname="com.example.warehouse.service.ItemServiceImplIntegrationTest" time="0.047"/>
  <testcase name="findAvailable_ShouldReturnSortedByIdAsc()" classname="com.example.warehouse.service.ItemServiceImplIntegrationTest" time="0.046"/>
  <system-out><![CDATA[2025-11-10T15:44:58.239+03:00  INFO 16084 --- [    Test worker] tc.postgres:15-alpine                    : Creating container for image: postgres:15-alpine
2025-11-10T15:44:58.409+03:00  INFO 16084 --- [    Test worker] tc.postgres:15-alpine                    : Container postgres:15-alpine is starting: 71688acc7b351b88952631d8e2f78478981f32c9d14046cd5175ac1097e08e21
2025-11-10T15:44:59.905+03:00 DEBUG 16084 --- [l-3:housekeeper] com.zaxxer.hikari.pool.HikariPool        : HikariPool-3 - Pool stats (total=10/10, idle=10/10, active=0, waiting=0)
2025-11-10T15:44:59.905+03:00 DEBUG 16084 --- [l-3:housekeeper] com.zaxxer.hikari.pool.HikariPool        : HikariPool-3 - Fill pool skipped, pool has sufficient level or currently being filled.
2025-11-10T15:45:00.309+03:00  INFO 16084 --- [    Test worker] tc.postgres:15-alpine                    : Container postgres:15-alpine started in PT2.0701668S
2025-11-10T15:45:00.309+03:00  INFO 16084 --- [    Test worker] tc.postgres:15-alpine                    : Container is started (JDBC URL: jdbc:postgresql://localhost:62592/testdb?loggerLevel=OFF)
2025-11-10T15:45:00.311+03:00  INFO 16084 --- [    Test worker] t.c.s.AnnotationConfigContextLoaderUtils : Could not detect default configuration classes for test class [com.example.warehouse.service.ItemServiceImplIntegrationTest]: ItemServiceImplIntegrationTest does not declare any static, non-private, non-final, nested classes annotated with @Configuration.
2025-11-10T15:45:00.312+03:00  INFO 16084 --- [    Test worker] .b.t.c.SpringBootTestContextBootstrapper : Found @SpringBootConfiguration com.example.warehouse.WarehouseApplication for test class com.example.warehouse.service.ItemServiceImplIntegrationTest

  .   ____          _            __ _ _
 /\\ / ___'_ __ _ _(_)_ __  __ _ \ \ \ \
( ( )\___ | '_ | '_| | '_ \/ _` | \ \ \ \
 \\/  ___)| |_)| | | | | || (_| |  ) ) ) )
  '  |____| .__|_| |_|_| |_\__, | / / / /
 =========|_|==============|___/=/_/_/_/

 :: Spring Boot ::                (v3.5.6)

2025-11-10T15:45:00.335+03:00  INFO 16084 --- [    Test worker] c.e.w.s.ItemServiceImplIntegrationTest   : Starting ItemServiceImplIntegrationTest using Java 17.0.15 with PID 16084 (started by dimak in C:\Users\dimak\Desktop\studing\high_performance_systems\VPS)
2025-11-10T15:45:00.335+03:00  INFO 16084 --- [    Test worker] c.e.w.s.ItemServiceImplIntegrationTest   : No active profile set, falling back to 1 default profile: "default"
2025-11-10T15:45:00.591+03:00  INFO 16084 --- [    Test worker] .s.d.r.c.RepositoryConfigurationDelegate : Bootstrapping Spring Data JPA repositories in DEFAULT mode.
2025-11-10T15:45:00.635+03:00  INFO 16084 --- [    Test worker] .s.d.r.c.RepositoryConfigurationDelegate : Finished Spring Data repository scanning in 42 ms. Found 9 JPA repository interfaces.
2025-11-10T15:45:00.706+03:00 DEBUG 16084 --- [    Test worker] com.zaxxer.hikari.HikariConfig           : Class org.postgresql.Driver found in Thread context class loader jdk.internal.loader.ClassLoaders$AppClassLoader@60e53b93
2025-11-10T15:45:00.710+03:00 DEBUG 16084 --- [    Test worker] com.zaxxer.hikari.HikariConfig           : HikariPool-6 - configuration:
2025-11-10T15:45:00.711+03:00 DEBUG 16084 --- [    Test worker] com.zaxxer.hikari.HikariConfig           : allowPoolSuspension.............false
2025-11-10T15:45:00.711+03:00 DEBUG 16084 --- [    Test worker] com.zaxxer.hikari.HikariConfig           : autoCommit......................true
2025-11-10T15:45:00.711+03:00 DEBUG 16084 --- [    Test worker] com.zaxxer.hikari.HikariConfig           : catalog.........................none
2025-11-10T15:45:00.711+03:00 DEBUG 16084 --- [    Test worker] com.zaxxer.hikari.HikariConfig           : connectionInitSql...............none
2025-11-10T15:45:00.711+03:00 DEBUG 16084 --- [    Test worker] com.zaxxer.hikari.HikariConfig           : connectionTestQuery.............none
2025-11-10T15:45:00.711+03:00 DEBUG 16084 --- [    Test worker] com.zaxxer.hikari.HikariConfig           : connectionTimeout...............30000
2025-11-10T15:45:00.711+03:00 DEBUG 16084 --- [    Test worker] com.zaxxer.hikari.HikariConfig           : credentials.....................com.zaxxer.hikari.util.Credentials@3d0cb624
2025-11-10T15:45:00.711+03:00 DEBUG 16084 --- [    Test worker] com.zaxxer.hikari.HikariConfig           : dataSource......................none
2025-11-10T15:45:00.711+03:00 DEBUG 16084 --- [    Test worker] com.zaxxer.hikari.HikariConfig           : dataSourceClassName.............none
2025-11-10T15:45:00.711+03:00 DEBUG 16084 --- [    Test worker] com.zaxxer.hikari.HikariConfig           : dataSourceJNDI..................none
2025-11-10T15:45:00.711+03:00 DEBUG 16084 --- [    Test worker] com.zaxxer.hikari.HikariConfig           : dataSourceProperties............{password=<masked>}
2025-11-10T15:45:00.711+03:00 DEBUG 16084 --- [    Test worker] com.zaxxer.hikari.HikariConfig           : driverClassName................."org.postgresql.Driver"
2025-11-10T15:45:00.711+03:00 DEBUG 16084 --- [    Test worker] com.zaxxer.hikari.HikariConfig           : exceptionOverride...............none
2025-11-10T15:45:00.711+03:00 DEBUG 16084 --- [    Test worker] com.zaxxer.hikari.HikariConfig           : exceptionOverrideClassName......none
2025-11-10T15:45:00.711+03:00 DEBUG 16084 --- [    Test worker] com.zaxxer.hikari.HikariConfig           : healthCheckProperties...........{}
2025-11-10T15:45:00.711+03:00 DEBUG 16084 --- [    Test worker] com.zaxxer.hikari.HikariConfig           : healthCheckRegistry.............none
2025-11-10T15:45:00.712+03:00 DEBUG 16084 --- [    Test worker] com.zaxxer.hikari.HikariConfig           : idleTimeout.....................600000
2025-11-10T15:45:00.712+03:00 DEBUG 16084 --- [    Test worker] com.zaxxer.hikari.HikariConfig           : initializationFailTimeout.......1
2025-11-10T15:45:00.712+03:00 DEBUG 16084 --- [    Test worker] com.zaxxer.hikari.HikariConfig           : isolateInternalQueries..........false
2025-11-10T15:45:00.712+03:00 DEBUG 16084 --- [    Test worker] com.zaxxer.hikari.HikariConfig           : jdbcUrl.........................jdbc:postgresql://localhost:62592/testdb?loggerLevel=OFF
2025-11-10T15:45:00.712+03:00 DEBUG 16084 --- [    Test worker] com.zaxxer.hikari.HikariConfig           : keepaliveTime...................120000
2025-11-10T15:45:00.712+03:00 DEBUG 16084 --- [    Test worker] com.zaxxer.hikari.HikariConfig           : leakDetectionThreshold..........0
2025-11-10T15:45:00.712+03:00 DEBUG 16084 --- [    Test worker] com.zaxxer.hikari.HikariConfig           : maxLifetime.....................1800000
2025-11-10T15:45:00.712+03:00 DEBUG 16084 --- [    Test worker] com.zaxxer.hikari.HikariConfig           : maximumPoolSize.................10
2025-11-10T15:45:00.712+03:00 DEBUG 16084 --- [    Test worker] com.zaxxer.hikari.HikariConfig           : metricRegistry..................none
2025-11-10T15:45:00.712+03:00 DEBUG 16084 --- [    Test worker] com.zaxxer.hikari.HikariConfig           : metricsTrackerFactory...........none
2025-11-10T15:45:00.712+03:00 DEBUG 16084 --- [    Test worker] com.zaxxer.hikari.HikariConfig           : minimumIdle.....................10
2025-11-10T15:45:00.712+03:00 DEBUG 16084 --- [    Test worker] com.zaxxer.hikari.HikariConfig           : password........................<masked>
2025-11-10T15:45:00.712+03:00 DEBUG 16084 --- [    Test worker] com.zaxxer.hikari.HikariConfig           : poolName........................"HikariPool-6"
2025-11-10T15:45:00.712+03:00 DEBUG 16084 --- [    Test worker] com.zaxxer.hikari.HikariConfig           : readOnly........................false
2025-11-10T15:45:00.712+03:00 DEBUG 16084 --- [    Test worker] com.zaxxer.hikari.HikariConfig           : registerMbeans..................false
2025-11-10T15:45:00.713+03:00 DEBUG 16084 --- [    Test worker] com.zaxxer.hikari.HikariConfig           : scheduledExecutor...............none
2025-11-10T15:45:00.713+03:00 DEBUG 16084 --- [    Test worker] com.zaxxer.hikari.HikariConfig           : schema..........................none
2025-11-10T15:45:00.713+03:00 DEBUG 16084 --- [    Test worker] com.zaxxer.hikari.HikariConfig           : threadFactory...................internal
2025-11-10T15:45:00.713+03:00 DEBUG 16084 --- [    Test worker] com.zaxxer.hikari.HikariConfig           : transactionIsolation............default
2025-11-10T15:45:00.713+03:00 DEBUG 16084 --- [    Test worker] com.zaxxer.hikari.HikariConfig           : username........................"test"
2025-11-10T15:45:00.713+03:00 DEBUG 16084 --- [    Test worker] com.zaxxer.hikari.HikariConfig           : validationTimeout...............5000
2025-11-10T15:45:00.713+03:00  INFO 16084 --- [    Test worker] com.zaxxer.hikari.HikariDataSource       : HikariPool-6 - Starting...
2025-11-10T15:45:00.713+03:00 DEBUG 16084 --- [    Test worker] com.zaxxer.hikari.pool.PoolBase          : HikariPool-6 - Attempting to create/setup new connection (078ec958-15ea-44cc-9601-67120bc3bffa)
2025-11-10T15:45:00.736+03:00 DEBUG 16084 --- [    Test worker] com.zaxxer.hikari.pool.PoolBase          : HikariPool-6 - Established new connection (078ec958-15ea-44cc-9601-67120bc3bffa)
2025-11-10T15:45:00.736+03:00  INFO 16084 --- [    Test worker] com.zaxxer.hikari.pool.HikariPool        : HikariPool-6 - Added connection org.postgresql.jdbc.PgConnection@5d0d1b03
2025-11-10T15:45:00.736+03:00  INFO 16084 --- [    Test worker] com.zaxxer.hikari.HikariDataSource       : HikariPool-6 - Start completed.
2025-11-10T15:45:00.750+03:00  INFO 16084 --- [    Test worker] liquibase.database                       : Set default schema name to public
2025-11-10T15:45:00.772+03:00  INFO 16084 --- [    Test worker] liquibase.changelog                      : Creating database history table with name: public.databasechangelog
2025-11-10T15:45:00.782+03:00  INFO 16084 --- [    Test worker] liquibase.changelog                      : Reading from public.databasechangelog
2025-11-10T15:45:00.803+03:00  INFO 16084 --- [    Test worker] liquibase.snapshot                       : Creating snapshot
2025-11-10T15:45:00.851+03:00 DEBUG 16084 --- [l-6:housekeeper] com.zaxxer.hikari.pool.HikariPool        : HikariPool-6 - Pool stats (total=1/10, idle=0/10, active=1, waiting=0)
2025-11-10T15:45:00.852+03:00 DEBUG 16084 --- [onnection-adder] com.zaxxer.hikari.pool.PoolBase          : HikariPool-6 - Attempting to create/setup new connection (407089ab-f06f-4566-b993-290fe99c0115)
2025-11-10T15:45:00.862+03:00  INFO 16084 --- [    Test worker] liquibase.lockservice                    : Successfully acquired change log lock
2025-11-10T15:45:00.863+03:00  INFO 16084 --- [    Test worker] liquibase.command                        : Using deploymentId: 2778641640
2025-11-10T15:45:00.866+03:00  INFO 16084 --- [    Test worker] liquibase.changelog                      : Reading from public.databasechangelog
2025-11-10T15:45:00.867+03:00 DEBUG 16084 --- [onnection-adder] com.zaxxer.hikari.pool.PoolBase          : HikariPool-6 - Established new connection (407089ab-f06f-4566-b993-290fe99c0115)
2025-11-10T15:45:00.867+03:00 DEBUG 16084 --- [onnection-adder] com.zaxxer.hikari.pool.HikariPool        : HikariPool-6 - Added connection org.postgresql.jdbc.PgConnection@41fb2aa2
2025-11-10T15:45:00.882+03:00  INFO 16084 --- [    Test worker] liquibase.ui                             : Running Changeset: db/changelog/changes/001-initial-schema.yaml::1::warehouse
2025-11-10T15:45:00.893+03:00  INFO 16084 --- [    Test worker] liquibase.changelog                      : Table users created
2025-11-10T15:45:00.898+03:00 DEBUG 16084 --- [onnection-adder] com.zaxxer.hikari.pool.HikariPool        : HikariPool-6 - After adding stats (total=2/10, idle=1/10, active=1, waiting=0)
2025-11-10T15:45:00.898+03:00 DEBUG 16084 --- [onnection-adder] com.zaxxer.hikari.pool.PoolBase          : HikariPool-6 - Attempting to create/setup new connection (8872fb11-ef41-4f31-b6bf-bc202676d567)
2025-11-10T15:45:00.900+03:00  INFO 16084 --- [    Test worker] liquibase.changelog                      : Table items created
2025-11-10T15:45:00.906+03:00  INFO 16084 --- [    Test worker] liquibase.changelog                      : Table storages created
2025-11-10T15:45:00.912+03:00  INFO 16084 --- [    Test worker] liquibase.changelog                      : Table vehicles created
2025-11-10T15:45:00.912+03:00 DEBUG 16084 --- [onnection-adder] com.zaxxer.hikari.pool.PoolBase          : HikariPool-6 - Established new connection (8872fb11-ef41-4f31-b6bf-bc202676d567)
2025-11-10T15:45:00.912+03:00 DEBUG 16084 --- [onnection-adder] com.zaxxer.hikari.pool.HikariPool        : HikariPool-6 - Added connection org.postgresql.jdbc.PgConnection@4f3cdced
2025-11-10T15:45:00.917+03:00  INFO 16084 --- [    Test worker] liquibase.changelog                      : Table keeping created
2025-11-10T15:45:00.923+03:00  INFO 16084 --- [    Test worker] liquibase.changelog                      : Table transportations created
2025-11-10T15:45:00.929+03:00  INFO 16084 --- [    Test worker] liquibase.changelog                      : Table borrowings created
2025-11-10T15:45:00.936+03:00  INFO 16084 --- [    Test worker] liquibase.changelog                      : Table item_maintenance created
2025-11-10T15:45:00.940+03:00  INFO 16084 --- [    Test worker] liquibase.changelog                      : Table user_storage_access created
2025-11-10T15:45:00.943+03:00 DEBUG 16084 --- [onnection-adder] com.zaxxer.hikari.pool.HikariPool        : HikariPool-6 - After adding stats (total=3/10, idle=2/10, active=1, waiting=0)
2025-11-10T15:45:00.943+03:00 DEBUG 16084 --- [onnection-adder] com.zaxxer.hikari.pool.PoolBase          : HikariPool-6 - Attempting to create/setup new connection (a887c719-b1a0-48f0-a8ac-b61169f086ba)
2025-11-10T15:45:00.946+03:00  INFO 16084 --- [    Test worker] liquibase.changelog                      : Foreign key constraint added to keeping (storage_id)
2025-11-10T15:45:00.949+03:00  INFO 16084 --- [    Test worker] liquibase.changelog                      : Foreign key constraint added to keeping (item_id)
2025-11-10T15:45:00.953+03:00  INFO 16084 --- [    Test worker] liquibase.changelog                      : Foreign key constraint added to transportations (item_id)
2025-11-10T15:45:00.955+03:00 DEBUG 16084 --- [onnection-adder] com.zaxxer.hikari.pool.PoolBase          : HikariPool-6 - Established new connection (a887c719-b1a0-48f0-a8ac-b61169f086ba)
2025-11-10T15:45:00.956+03:00 DEBUG 16084 --- [onnection-adder] com.zaxxer.hikari.pool.HikariPool        : HikariPool-6 - Added connection org.postgresql.jdbc.PgConnection@4b0341d2
2025-11-10T15:45:00.956+03:00  INFO 16084 --- [    Test worker] liquibase.changelog                      : Foreign key constraint added to transportations (vehicle_id)
2025-11-10T15:45:00.960+03:00  INFO 16084 --- [    Test worker] liquibase.changelog                      : Foreign key constraint added to transportations (driver_id)
2025-11-10T15:45:00.963+03:00  INFO 16084 --- [    Test worker] liquibase.changelog                      : Foreign key constraint added to transportations (from_storage_id)
2025-11-10T15:45:00.966+03:00  INFO 16084 --- [    Test worker] liquibase.changelog                      : Foreign key constraint added to transportations (to_storage_id)
2025-11-10T15:45:00.975+03:00  INFO 16084 --- [    Test worker] liquibase.changelog                      : Foreign key constraint added to borrowings (item_id)
2025-11-10T15:45:00.979+03:00  INFO 16084 --- [    Test worker] liquibase.changelog                      : Foreign key constraint added to borrowings (user_id)
2025-11-10T15:45:00.982+03:00  INFO 16084 --- [    Test worker] liquibase.changelog                      : Foreign key constraint added to item_maintenance (item_id)
2025-11-10T15:45:00.986+03:00  INFO 16084 --- [    Test worker] liquibase.changelog                      : Foreign key constraint added to item_maintenance (technician_id)
2025-11-10T15:45:00.990+03:00  INFO 16084 --- [    Test worker] liquibase.changelog                      : Foreign key constraint added to user_storage_access (user_id)
2025-11-10T15:45:00.990+03:00 DEBUG 16084 --- [onnection-adder] com.zaxxer.hikari.pool.HikariPool        : HikariPool-6 - After adding stats (total=4/10, idle=3/10, active=1, waiting=0)
2025-11-10T15:45:00.990+03:00 DEBUG 16084 --- [onnection-adder] com.zaxxer.hikari.pool.PoolBase          : HikariPool-6 - Attempting to create/setup new connection (485991a9-9d32-4f65-9644-23c39e2e574d)
2025-11-10T15:45:00.994+03:00  INFO 16084 --- [    Test worker] liquibase.changelog                      : Foreign key constraint added to user_storage_access (storage_id)
2025-11-10T15:45:00.997+03:00  INFO 16084 --- [    Test worker] liquibase.changelog                      : Foreign key constraint added to user_storage_access (granted_by)
2025-11-10T15:45:01.000+03:00  INFO 16084 --- [    Test worker] liquibase.changelog                      : Unique constraint added to user_storage_access(user_id, storage_id)
2025-11-10T15:45:01.004+03:00 DEBUG 16084 --- [onnection-adder] com.zaxxer.hikari.pool.PoolBase          : HikariPool-6 - Established new connection (485991a9-9d32-4f65-9644-23c39e2e574d)
2025-11-10T15:45:01.004+03:00  INFO 16084 --- [    Test worker] liquibase.changelog                      : Index idx_keeping_storage_item created
2025-11-10T15:45:01.004+03:00 DEBUG 16084 --- [onnection-adder] com.zaxxer.hikari.pool.HikariPool        : HikariPool-6 - Added connection org.postgresql.jdbc.PgConnection@e01d6d6
2025-11-10T15:45:01.006+03:00  INFO 16084 --- [    Test worker] liquibase.changelog                      : Index idx_borrowing_status created
2025-11-10T15:45:01.010+03:00  INFO 16084 --- [    Test worker] liquibase.changelog                      : Index idx_transportation_status created
2025-11-10T15:45:01.011+03:00  INFO 16084 --- [    Test worker] liquibase.changelog                      : ChangeSet db/changelog/changes/001-initial-schema.yaml::1::warehouse ran successfully in 129ms
2025-11-10T15:45:01.021+03:00  INFO 16084 --- [    Test worker] liquibase.ui                             : Running Changeset: db/changelog/changes/002-insert-test-data.yaml::2::warehouse
2025-11-10T15:45:01.026+03:00  INFO 16084 --- [    Test worker] liquibase.changelog                      : New row inserted into users
2025-11-10T15:45:01.028+03:00  INFO 16084 --- [    Test worker] liquibase.changelog                      : New row inserted into users
2025-11-10T15:45:01.031+03:00  INFO 16084 --- [    Test worker] liquibase.changelog                      : New row inserted into users
2025-11-10T15:45:01.034+03:00  INFO 16084 --- [    Test worker] liquibase.changelog                      : New row inserted into storages
2025-11-10T15:45:01.036+03:00 DEBUG 16084 --- [onnection-adder] com.zaxxer.hikari.pool.HikariPool        : HikariPool-6 - After adding stats (total=5/10, idle=4/10, active=1, waiting=0)
2025-11-10T15:45:01.036+03:00 DEBUG 16084 --- [onnection-adder] com.zaxxer.hikari.pool.PoolBase          : HikariPool-6 - Attempting to create/setup new connection (8f26a499-6c96-488a-8d15-32b79e1b9622)
2025-11-10T15:45:01.037+03:00  INFO 16084 --- [    Test worker] liquibase.changelog                      : New row inserted into storages
2025-11-10T15:45:01.041+03:00  INFO 16084 --- [    Test worker] liquibase.changelog                      : New row inserted into vehicles
2025-11-10T15:45:01.044+03:00  INFO 16084 --- [    Test worker] liquibase.changelog                      : New row inserted into items
2025-11-10T15:45:01.047+03:00  INFO 16084 --- [    Test worker] liquibase.changelog                      : New row inserted into items
2025-11-10T15:45:01.049+03:00  INFO 16084 --- [    Test worker] liquibase.changelog                      : New row inserted into items
2025-11-10T15:45:01.050+03:00 DEBUG 16084 --- [onnection-adder] com.zaxxer.hikari.pool.PoolBase          : HikariPool-6 - Established new connection (8f26a499-6c96-488a-8d15-32b79e1b9622)
2025-11-10T15:45:01.050+03:00 DEBUG 16084 --- [onnection-adder] com.zaxxer.hikari.pool.HikariPool        : HikariPool-6 - Added connection org.postgresql.jdbc.PgConnection@1637538e
2025-11-10T15:45:01.053+03:00  INFO 16084 --- [    Test worker] liquibase.changelog                      : New row inserted into keeping
2025-11-10T15:45:01.056+03:00  INFO 16084 --- [    Test worker] liquibase.changelog                      : New row inserted into keeping
2025-11-10T15:45:01.059+03:00  INFO 16084 --- [    Test worker] liquibase.changelog                      : New row inserted into keeping
2025-11-10T15:45:01.061+03:00  INFO 16084 --- [    Test worker] liquibase.changelog                      : ChangeSet db/changelog/changes/002-insert-test-data.yaml::2::warehouse ran successfully in 40ms
2025-11-10T15:45:01.065+03:00  INFO 16084 --- [    Test worker] liquibase.util                           : UPDATE SUMMARY
2025-11-10T15:45:01.065+03:00  INFO 16084 --- [    Test worker] liquibase.util                           : Run:                          2
2025-11-10T15:45:01.065+03:00  INFO 16084 --- [    Test worker] liquibase.util                           : Previously run:               0
2025-11-10T15:45:01.065+03:00  INFO 16084 --- [    Test worker] liquibase.util                           : Filtered out:                 0
2025-11-10T15:45:01.065+03:00  INFO 16084 --- [    Test worker] liquibase.util                           : -------------------------------
2025-11-10T15:45:01.065+03:00  INFO 16084 --- [    Test worker] liquibase.util                           : Total change sets:            2
2025-11-10T15:45:01.065+03:00  INFO 16084 --- [    Test worker] liquibase.util                           : Update summary generated
2025-11-10T15:45:01.065+03:00  INFO 16084 --- [    Test worker] liquibase.command                        : Update command completed successfully.
2025-11-10T15:45:01.065+03:00  INFO 16084 --- [    Test worker] liquibase.ui                             : Liquibase: Update has been successful. Rows affected: 14
2025-11-10T15:45:01.070+03:00  INFO 16084 --- [    Test worker] liquibase.lockservice                    : Successfully released change log lock
2025-11-10T15:45:01.072+03:00  INFO 16084 --- [    Test worker] liquibase.command                        : Command execution complete
2025-11-10T15:45:01.082+03:00 DEBUG 16084 --- [onnection-adder] com.zaxxer.hikari.pool.HikariPool        : HikariPool-6 - After adding stats (total=6/10, idle=6/10, active=0, waiting=0)
2025-11-10T15:45:01.082+03:00 DEBUG 16084 --- [onnection-adder] com.zaxxer.hikari.pool.PoolBase          : HikariPool-6 - Attempting to create/setup new connection (e93149d7-9df6-4339-a076-85e23eea6268)
2025-11-10T15:45:01.094+03:00  INFO 16084 --- [    Test worker] o.hibernate.jpa.internal.util.LogHelper  : HHH000204: Processing PersistenceUnitInfo [name: default]
2025-11-10T15:45:01.096+03:00 DEBUG 16084 --- [onnection-adder] com.zaxxer.hikari.pool.PoolBase          : HikariPool-6 - Established new connection (e93149d7-9df6-4339-a076-85e23eea6268)
2025-11-10T15:45:01.097+03:00 DEBUG 16084 --- [onnection-adder] com.zaxxer.hikari.pool.HikariPool        : HikariPool-6 - Added connection org.postgresql.jdbc.PgConnection@3fc53e11
2025-11-10T15:45:01.100+03:00  INFO 16084 --- [    Test worker] o.h.c.internal.RegionFactoryInitiator    : HHH000026: Second-level cache disabled
2025-11-10T15:45:01.112+03:00  INFO 16084 --- [    Test worker] o.s.o.j.p.SpringPersistenceUnitInfo      : No LoadTimeWeaver setup: ignoring JPA class transformer
2025-11-10T15:45:01.117+03:00  INFO 16084 --- [    Test worker] org.hibernate.orm.connections.pooling    : HHH10001005: Database info:
	Database JDBC URL [Connecting through datasource 'HikariDataSource (HikariPool-6)']
	Database driver: undefined/unknown
	Database version: 15.14
	Autocommit mode: undefined/unknown
	Isolation level: undefined/unknown
	Minimum pool size: undefined/unknown
	Maximum pool size: undefined/unknown
2025-11-10T15:45:01.128+03:00 DEBUG 16084 --- [onnection-adder] com.zaxxer.hikari.pool.HikariPool        : HikariPool-6 - After adding stats (total=7/10, idle=7/10, active=0, waiting=0)
2025-11-10T15:45:01.128+03:00 DEBUG 16084 --- [onnection-adder] com.zaxxer.hikari.pool.PoolBase          : HikariPool-6 - Attempting to create/setup new connection (609c6321-a8e2-4c8b-9408-d6f7551b0bbb)
2025-11-10T15:45:01.142+03:00 DEBUG 16084 --- [onnection-adder] com.zaxxer.hikari.pool.PoolBase          : HikariPool-6 - Established new connection (609c6321-a8e2-4c8b-9408-d6f7551b0bbb)
2025-11-10T15:45:01.142+03:00 DEBUG 16084 --- [onnection-adder] com.zaxxer.hikari.pool.HikariPool        : HikariPool-6 - Added connection org.postgresql.jdbc.PgConnection@6e19e5ea
2025-11-10T15:45:01.174+03:00 DEBUG 16084 --- [onnection-adder] com.zaxxer.hikari.pool.HikariPool        : HikariPool-6 - After adding stats (total=8/10, idle=8/10, active=0, waiting=0)
2025-11-10T15:45:01.174+03:00 DEBUG 16084 --- [onnection-adder] com.zaxxer.hikari.pool.PoolBase          : HikariPool-6 - Attempting to create/setup new connection (fe2fe7d5-8543-4440-8528-91f3bee244ed)
2025-11-10T15:45:01.188+03:00 DEBUG 16084 --- [onnection-adder] com.zaxxer.hikari.pool.PoolBase          : HikariPool-6 - Established new connection (fe2fe7d5-8543-4440-8528-91f3bee244ed)
2025-11-10T15:45:01.188+03:00 DEBUG 16084 --- [onnection-adder] com.zaxxer.hikari.pool.HikariPool        : HikariPool-6 - Added connection org.postgresql.jdbc.PgConnection@6e2e2999
2025-11-10T15:45:01.219+03:00 DEBUG 16084 --- [onnection-adder] com.zaxxer.hikari.pool.HikariPool        : HikariPool-6 - After adding stats (total=9/10, idle=9/10, active=0, waiting=0)
2025-11-10T15:45:01.219+03:00 DEBUG 16084 --- [onnection-adder] com.zaxxer.hikari.pool.PoolBase          : HikariPool-6 - Attempting to create/setup new connection (ce01373e-9dcd-4e4d-bd0b-69ebf59f3f04)
2025-11-10T15:45:01.233+03:00 DEBUG 16084 --- [onnection-adder] com.zaxxer.hikari.pool.PoolBase          : HikariPool-6 - Established new connection (ce01373e-9dcd-4e4d-bd0b-69ebf59f3f04)
2025-11-10T15:45:01.233+03:00 DEBUG 16084 --- [onnection-adder] com.zaxxer.hikari.pool.HikariPool        : HikariPool-6 - Added connection org.postgresql.jdbc.PgConnection@540a3713
2025-11-10T15:45:01.243+03:00  INFO 16084 --- [    Test worker] o.h.e.t.j.p.i.JtaPlatformInitiator       : HHH000489: No JTA platform available (set 'hibernate.transaction.jta.platform' to enable JTA platform integration)
2025-11-10T15:45:01.260+03:00  INFO 16084 --- [    Test worker] j.LocalContainerEntityManagerFactoryBean : Initialized JPA EntityManagerFactory for persistence unit 'default'
2025-11-10T15:45:01.265+03:00 DEBUG 16084 --- [onnection-adder] com.zaxxer.hikari.pool.HikariPool        : HikariPool-6 - After adding stats (total=10/10, idle=10/10, active=0, waiting=0)
2025-11-10T15:45:01.265+03:00 DEBUG 16084 --- [onnection-adder] com.zaxxer.hikari.pool.HikariPool        : HikariPool-6 - Connection not added, stats (total=10/10, idle=10/10, active=0, waiting=0)
2025-11-10T15:45:01.678+03:00  WARN 16084 --- [    Test worker] JpaBaseConfiguration$JpaWebConfiguration : spring.jpa.open-in-view is enabled by default. Therefore, database queries may be performed during view rendering. Explicitly configure spring.jpa.open-in-view to disable this warning
2025-11-10T15:45:01.812+03:00  INFO 16084 --- [    Test worker] c.e.w.s.ItemServiceImplIntegrationTest   : Started ItemServiceImplIntegrationTest in 1.497 seconds (process running for 72.103)
2025-11-10T15:45:01.817+03:00 DEBUG 16084 --- [    Test worker] o.s.jdbc.datasource.init.ScriptUtils     : Executing SQL script from class path resource [cleanup.sql]
2025-11-10T15:45:01.830+03:00 DEBUG 16084 --- [    Test worker] o.s.jdbc.datasource.init.ScriptUtils     : 0 returned as update count for SQL: TRUNCATE TABLE vehicles, user_storage_access, storages, users, items, borrowings, transportations, keeping, item_maintenance, user_storage_access RESTART IDENTITY CASCADE
2025-11-10T15:45:01.830+03:00 DEBUG 16084 --- [    Test worker] o.s.jdbc.datasource.init.ScriptUtils     : Executed SQL script from class path resource [cleanup.sql] in 13 ms.
2025-11-10T15:45:01.856+03:00  INFO 16084 --- [    Test worker] c.e.warehouse.service.ItemServiceImpl    : Updating item with ID: 999
2025-11-10T15:45:01.856+03:00 DEBUG 16084 --- [    Test worker] o.s.jdbc.datasource.DataSourceUtils      : Setting JDBC Connection [HikariProxyConnection@1836590157 wrapping org.postgresql.jdbc.PgConnection@5d0d1b03] read-only
2025-11-10T15:45:01.860+03:00 DEBUG 16084 --- [    Test worker] o.s.jdbc.datasource.DataSourceUtils      : Resetting read-only flag of JDBC Connection [HikariProxyConnection@1836590157 wrapping org.postgresql.jdbc.PgConnection@5d0d1b03]
2025-11-10T15:45:01.864+03:00 DEBUG 16084 --- [    Test worker] o.s.jdbc.datasource.init.ScriptUtils     : Executing SQL script from class path resource [cleanup.sql]
2025-11-10T15:45:01.879+03:00 DEBUG 16084 --- [    Test worker] o.s.jdbc.datasource.init.ScriptUtils     : 0 returned as update count for SQL: TRUNCATE TABLE vehicles, user_storage_access, storages, users, items, borrowings, transportations, keeping, item_maintenance, user_storage_access RESTART IDENTITY CASCADE
2025-11-10T15:45:01.879+03:00 DEBUG 16084 --- [    Test worker] o.s.jdbc.datasource.init.ScriptUtils     : Executed SQL script from class path resource [cleanup.sql] in 15 ms.
2025-11-10T15:45:01.911+03:00 DEBUG 16084 --- [    Test worker] o.s.jdbc.datasource.init.ScriptUtils     : Executing SQL script from class path resource [cleanup.sql]
2025-11-10T15:45:01.925+03:00 DEBUG 16084 --- [    Test worker] o.s.jdbc.datasource.init.ScriptUtils     : 0 returned as update count for SQL: TRUNCATE TABLE vehicles, user_storage_access, storages, users, items, borrowings, transportations, keeping, item_maintenance, user_storage_access RESTART IDENTITY CASCADE
2025-11-10T15:45:01.926+03:00 DEBUG 16084 --- [    Test worker] o.s.jdbc.datasource.init.ScriptUtils     : Executed SQL script from class path resource [cleanup.sql] in 15 ms.
2025-11-10T15:45:01.962+03:00 DEBUG 16084 --- [    Test worker] o.s.jdbc.datasource.init.ScriptUtils     : Executing SQL script from class path resource [cleanup.sql]
2025-11-10T15:45:01.976+03:00 DEBUG 16084 --- [    Test worker] o.s.jdbc.datasource.init.ScriptUtils     : 0 returned as update count for SQL: TRUNCATE TABLE vehicles, user_storage_access, storages, users, items, borrowings, transportations, keeping, item_maintenance, user_storage_access RESTART IDENTITY CASCADE
2025-11-10T15:45:01.976+03:00 DEBUG 16084 --- [    Test worker] o.s.jdbc.datasource.init.ScriptUtils     : Executed SQL script from class path resource [cleanup.sql] in 14 ms.
2025-11-10T15:45:02.010+03:00 DEBUG 16084 --- [    Test worker] o.s.jdbc.datasource.init.ScriptUtils     : Executing SQL script from class path resource [cleanup.sql]
2025-11-10T15:45:02.024+03:00 DEBUG 16084 --- [    Test worker] o.s.jdbc.datasource.init.ScriptUtils     : 0 returned as update count for SQL: TRUNCATE TABLE vehicles, user_storage_access, storages, users, items, borrowings, transportations, keeping, item_maintenance, user_storage_access RESTART IDENTITY CASCADE
2025-11-10T15:45:02.024+03:00 DEBUG 16084 --- [    Test worker] o.s.jdbc.datasource.init.ScriptUtils     : Executed SQL script from class path resource [cleanup.sql] in 14 ms.
2025-11-10T15:45:02.049+03:00  INFO 16084 --- [    Test worker] c.e.warehouse.service.ItemServiceImpl    : Deleting item with ID: 1
2025-11-10T15:45:02.050+03:00 DEBUG 16084 --- [    Test worker] o.s.jdbc.datasource.DataSourceUtils      : Setting JDBC Connection [HikariProxyConnection@1377365177 wrapping org.postgresql.jdbc.PgConnection@5d0d1b03] read-only
2025-11-10T15:45:02.055+03:00 DEBUG 16084 --- [    Test worker] o.s.jdbc.datasource.DataSourceUtils      : Resetting read-only flag of JDBC Connection [HikariProxyConnection@1377365177 wrapping org.postgresql.jdbc.PgConnection@5d0d1b03]
2025-11-10T15:45:02.063+03:00  INFO 16084 --- [    Test worker] c.e.warehouse.service.ItemServiceImpl    : Item with ID: 1 deleted successfully
2025-11-10T15:45:02.063+03:00 DEBUG 16084 --- [    Test worker] o.s.jdbc.datasource.DataSourceUtils      : Setting JDBC Connection [HikariProxyConnection@1388688513 wrapping org.postgresql.jdbc.PgConnection@5d0d1b03] read-only
2025-11-10T15:45:02.069+03:00 DEBUG 16084 --- [    Test worker] o.s.jdbc.datasource.DataSourceUtils      : Resetting read-only flag of JDBC Connection [HikariProxyConnection@1388688513 wrapping org.postgresql.jdbc.PgConnection@5d0d1b03]
2025-11-10T15:45:02.073+03:00 DEBUG 16084 --- [    Test worker] o.s.jdbc.datasource.init.ScriptUtils     : Executing SQL script from class path resource [cleanup.sql]
2025-11-10T15:45:02.086+03:00 DEBUG 16084 --- [    Test worker] o.s.jdbc.datasource.init.ScriptUtils     : 0 returned as update count for SQL: TRUNCATE TABLE vehicles, user_storage_access, storages, users, items, borrowings, transportations, keeping, item_maintenance, user_storage_access RESTART IDENTITY CASCADE
2025-11-10T15:45:02.087+03:00 DEBUG 16084 --- [    Test worker] o.s.jdbc.datasource.init.ScriptUtils     : Executed SQL script from class path resource [cleanup.sql] in 14 ms.
2025-11-10T15:45:02.111+03:00  INFO 16084 --- [    Test worker] c.e.warehouse.service.ItemServiceImpl    : Deleting item with ID: 999
2025-11-10T15:45:02.112+03:00 DEBUG 16084 --- [    Test worker] o.s.jdbc.datasource.DataSourceUtils      : Setting JDBC Connection [HikariProxyConnection@1130833847 wrapping org.postgresql.jdbc.PgConnection@5d0d1b03] read-only
2025-11-10T15:45:02.115+03:00 DEBUG 16084 --- [    Test worker] o.s.jdbc.datasource.DataSourceUtils      : Resetting read-only flag of JDBC Connection [HikariProxyConnection@1130833847 wrapping org.postgresql.jdbc.PgConnection@5d0d1b03]
2025-11-10T15:45:02.120+03:00 DEBUG 16084 --- [    Test worker] o.s.jdbc.datasource.init.ScriptUtils     : Executing SQL script from class path resource [cleanup.sql]
2025-11-10T15:45:02.133+03:00 DEBUG 16084 --- [    Test worker] o.s.jdbc.datasource.init.ScriptUtils     : 0 returned as update count for SQL: TRUNCATE TABLE vehicles, user_storage_access, storages, users, items, borrowings, transportations, keeping, item_maintenance, user_storage_access RESTART IDENTITY CASCADE
2025-11-10T15:45:02.134+03:00 DEBUG 16084 --- [    Test worker] o.s.jdbc.datasource.init.ScriptUtils     : Executed SQL script from class path resource [cleanup.sql] in 14 ms.
2025-11-10T15:45:02.170+03:00 DEBUG 16084 --- [    Test worker] o.s.jdbc.datasource.init.ScriptUtils     : Executing SQL script from class path resource [cleanup.sql]
2025-11-10T15:45:02.184+03:00 DEBUG 16084 --- [    Test worker] o.s.jdbc.datasource.init.ScriptUtils     : 0 returned as update count for SQL: TRUNCATE TABLE vehicles, user_storage_access, storages, users, items, borrowings, transportations, keeping, item_maintenance, user_storage_access RESTART IDENTITY CASCADE
2025-11-10T15:45:02.185+03:00 DEBUG 16084 --- [    Test worker] o.s.jdbc.datasource.init.ScriptUtils     : Executed SQL script from class path resource [cleanup.sql] in 15 ms.
2025-11-10T15:45:02.209+03:00  INFO 16084 --- [    Test worker] c.e.warehouse.service.ItemServiceImpl    : Creating new item: Item With Empty Serial
2025-11-10T15:45:02.214+03:00  INFO 16084 --- [    Test worker] c.e.warehouse.service.ItemServiceImpl    : Item created successfully with ID: 4
2025-11-10T15:45:02.218+03:00 DEBUG 16084 --- [    Test worker] o.s.jdbc.datasource.init.ScriptUtils     : Executing SQL script from class path resource [cleanup.sql]
2025-11-10T15:45:02.231+03:00 DEBUG 16084 --- [    Test worker] o.s.jdbc.datasource.init.ScriptUtils     : 0 returned as update count for SQL: TRUNCATE TABLE vehicles, user_storage_access, storages, users, items, borrowings, transportations, keeping, item_maintenance, user_storage_access RESTART IDENTITY CASCADE
2025-11-10T15:45:02.231+03:00 DEBUG 16084 --- [    Test worker] o.s.jdbc.datasource.init.ScriptUtils     : Executed SQL script from class path resource [cleanup.sql] in 13 ms.
2025-11-10T15:45:02.257+03:00  INFO 16084 --- [    Test worker] c.e.warehouse.service.ItemServiceImpl    : Updating item with ID: 1
2025-11-10T15:45:02.257+03:00 DEBUG 16084 --- [    Test worker] o.s.jdbc.datasource.DataSourceUtils      : Setting JDBC Connection [HikariProxyConnection@846373 wrapping org.postgresql.jdbc.PgConnection@5d0d1b03] read-only
2025-11-10T15:45:02.261+03:00 DEBUG 16084 --- [    Test worker] o.s.jdbc.datasource.DataSourceUtils      : Resetting read-only flag of JDBC Connection [HikariProxyConnection@846373 wrapping org.postgresql.jdbc.PgConnection@5d0d1b03]
2025-11-10T15:45:02.270+03:00 DEBUG 16084 --- [    Test worker] o.s.jdbc.datasource.init.ScriptUtils     : Executing SQL script from class path resource [cleanup.sql]
2025-11-10T15:45:02.283+03:00 DEBUG 16084 --- [    Test worker] o.s.jdbc.datasource.init.ScriptUtils     : 0 returned as update count for SQL: TRUNCATE TABLE vehicles, user_storage_access, storages, users, items, borrowings, transportations, keeping, item_maintenance, user_storage_access RESTART IDENTITY CASCADE
2025-11-10T15:45:02.283+03:00 DEBUG 16084 --- [    Test worker] o.s.jdbc.datasource.init.ScriptUtils     : Executed SQL script from class path resource [cleanup.sql] in 13 ms.
2025-11-10T15:45:02.322+03:00 DEBUG 16084 --- [    Test worker] o.s.jdbc.datasource.init.ScriptUtils     : Executing SQL script from class path resource [cleanup.sql]
2025-11-10T15:45:02.334+03:00 DEBUG 16084 --- [    Test worker] o.s.jdbc.datasource.init.ScriptUtils     : 0 returned as update count for SQL: TRUNCATE TABLE vehicles, user_storage_access, storages, users, items, borrowings, transportations, keeping, item_maintenance, user_storage_access RESTART IDENTITY CASCADE
2025-11-10T15:45:02.335+03:00 DEBUG 16084 --- [    Test worker] o.s.jdbc.datasource.init.ScriptUtils     : Executed SQL script from class path resource [cleanup.sql] in 13 ms.
2025-11-10T15:45:02.360+03:00 DEBUG 16084 --- [    Test worker] o.s.jdbc.datasource.DataSourceUtils      : Setting JDBC Connection [HikariProxyConnection@693916790 wrapping org.postgresql.jdbc.PgConnection@5d0d1b03] read-only
2025-11-10T15:45:02.365+03:00 DEBUG 16084 --- [    Test worker] o.s.jdbc.datasource.DataSourceUtils      : Resetting read-only flag of JDBC Connection [HikariProxyConnection@693916790 wrapping org.postgresql.jdbc.PgConnection@5d0d1b03]
2025-11-10T15:45:02.368+03:00 DEBUG 16084 --- [    Test worker] o.s.jdbc.datasource.init.ScriptUtils     : Executing SQL script from class path resource [cleanup.sql]
2025-11-10T15:45:02.382+03:00 DEBUG 16084 --- [    Test worker] o.s.jdbc.datasource.init.ScriptUtils     : 0 returned as update count for SQL: TRUNCATE TABLE vehicles, user_storage_access, storages, users, items, borrowings, transportations, keeping, item_maintenance, user_storage_access RESTART IDENTITY CASCADE
2025-11-10T15:45:02.382+03:00 DEBUG 16084 --- [    Test worker] o.s.jdbc.datasource.init.ScriptUtils     : Executed SQL script from class path resource [cleanup.sql] in 14 ms.
2025-11-10T15:45:02.422+03:00 DEBUG 16084 --- [    Test worker] o.s.jdbc.datasource.init.ScriptUtils     : Executing SQL script from class path resource [cleanup.sql]
2025-11-10T15:45:02.437+03:00 DEBUG 16084 --- [    Test worker] o.s.jdbc.datasource.init.ScriptUtils     : 0 returned as update count for SQL: TRUNCATE TABLE vehicles, user_storage_access, storages, users, items, borrowings, transportations, keeping, item_maintenance, user_storage_access RESTART IDENTITY CASCADE
2025-11-10T15:45:02.437+03:00 DEBUG 16084 --- [    Test worker] o.s.jdbc.datasource.init.ScriptUtils     : Executed SQL script from class path resource [cleanup.sql] in 15 ms.
2025-11-10T15:45:02.461+03:00 DEBUG 16084 --- [    Test worker] o.s.jdbc.datasource.DataSourceUtils      : Setting JDBC Connection [HikariProxyConnection@1442769459 wrapping org.postgresql.jdbc.PgConnection@5d0d1b03] read-only
2025-11-10T15:45:02.466+03:00 DEBUG 16084 --- [    Test worker] o.s.jdbc.datasource.DataSourceUtils      : Resetting read-only flag of JDBC Connection [HikariProxyConnection@1442769459 wrapping org.postgresql.jdbc.PgConnection@5d0d1b03]
2025-11-10T15:45:02.470+03:00 DEBUG 16084 --- [    Test worker] o.s.jdbc.datasource.init.ScriptUtils     : Executing SQL script from class path resource [cleanup.sql]
2025-11-10T15:45:02.483+03:00 DEBUG 16084 --- [    Test worker] o.s.jdbc.datasource.init.ScriptUtils     : 0 returned as update count for SQL: TRUNCATE TABLE vehicles, user_storage_access, storages, users, items, borrowings, transportations, keeping, item_maintenance, user_storage_access RESTART IDENTITY CASCADE
2025-11-10T15:45:02.483+03:00 DEBUG 16084 --- [    Test worker] o.s.jdbc.datasource.init.ScriptUtils     : Executed SQL script from class path resource [cleanup.sql] in 13 ms.
2025-11-10T15:45:02.510+03:00 DEBUG 16084 --- [    Test worker] o.s.jdbc.datasource.DataSourceUtils      : Setting JDBC Connection [HikariProxyConnection@1142199501 wrapping org.postgresql.jdbc.PgConnection@5d0d1b03] read-only
2025-11-10T15:45:02.515+03:00 DEBUG 16084 --- [    Test worker] o.s.jdbc.datasource.DataSourceUtils      : Resetting read-only flag of JDBC Connection [HikariProxyConnection@1142199501 wrapping org.postgresql.jdbc.PgConnection@5d0d1b03]
2025-11-10T15:45:02.518+03:00 DEBUG 16084 --- [    Test worker] o.s.jdbc.datasource.init.ScriptUtils     : Executing SQL script from class path resource [cleanup.sql]
2025-11-10T15:45:02.531+03:00 DEBUG 16084 --- [    Test worker] o.s.jdbc.datasource.init.ScriptUtils     : 0 returned as update count for SQL: TRUNCATE TABLE vehicles, user_storage_access, storages, users, items, borrowings, transportations, keeping, item_maintenance, user_storage_access RESTART IDENTITY CASCADE
2025-11-10T15:45:02.531+03:00 DEBUG 16084 --- [    Test worker] o.s.jdbc.datasource.init.ScriptUtils     : Executed SQL script from class path resource [cleanup.sql] in 13 ms.
2025-11-10T15:45:02.563+03:00 DEBUG 16084 --- [    Test worker] o.s.jdbc.datasource.init.ScriptUtils     : Executing SQL script from class path resource [cleanup.sql]
2025-11-10T15:45:02.576+03:00 DEBUG 16084 --- [    Test worker] o.s.jdbc.datasource.init.ScriptUtils     : 0 returned as update count for SQL: TRUNCATE TABLE vehicles, user_storage_access, storages, users, items, borrowings, transportations, keeping, item_maintenance, user_storage_access RESTART IDENTITY CASCADE
2025-11-10T15:45:02.576+03:00 DEBUG 16084 --- [    Test worker] o.s.jdbc.datasource.init.ScriptUtils     : Executed SQL script from class path resource [cleanup.sql] in 13 ms.
2025-11-10T15:45:02.600+03:00  INFO 16084 --- [    Test worker] c.e.warehouse.service.ItemServiceImpl    : Creating new item: Item Without Serial
2025-11-10T15:45:02.605+03:00  INFO 16084 --- [    Test worker] c.e.warehouse.service.ItemServiceImpl    : Item created successfully with ID: 4
2025-11-10T15:45:02.610+03:00 DEBUG 16084 --- [    Test worker] o.s.jdbc.datasource.init.ScriptUtils     : Executing SQL script from class path resource [cleanup.sql]
2025-11-10T15:45:02.625+03:00 DEBUG 16084 --- [    Test worker] o.s.jdbc.datasource.init.ScriptUtils     : 0 returned as update count for SQL: TRUNCATE TABLE vehicles, user_storage_access, storages, users, items, borrowings, transportations, keeping, item_maintenance, user_storage_access RESTART IDENTITY CASCADE
2025-11-10T15:45:02.625+03:00 DEBUG 16084 --- [    Test worker] o.s.jdbc.datasource.init.ScriptUtils     : Executed SQL script from class path resource [cleanup.sql] in 15 ms.
2025-11-10T15:45:02.640+03:00 DEBUG 16084 --- [l-1:housekeeper] com.zaxxer.hikari.pool.HikariPool        : HikariPool-1 - Pool stats (total=10/10, idle=10/10, active=0, waiting=0)
2025-11-10T15:45:02.640+03:00 DEBUG 16084 --- [l-1:housekeeper] com.zaxxer.hikari.pool.HikariPool        : HikariPool-1 - Fill pool skipped, pool has sufficient level or currently being filled.
2025-11-10T15:45:02.648+03:00 DEBUG 16084 --- [    Test worker] o.s.jdbc.datasource.DataSourceUtils      : Setting JDBC Connection [HikariProxyConnection@1017562819 wrapping org.postgresql.jdbc.PgConnection@5d0d1b03] read-only
2025-11-10T15:45:02.659+03:00 DEBUG 16084 --- [    Test worker] o.s.jdbc.datasource.DataSourceUtils      : Resetting read-only flag of JDBC Connection [HikariProxyConnection@1017562819 wrapping org.postgresql.jdbc.PgConnection@5d0d1b03]
2025-11-10T15:45:02.662+03:00 DEBUG 16084 --- [    Test worker] o.s.jdbc.datasource.init.ScriptUtils     : Executing SQL script from class path resource [cleanup.sql]
2025-11-10T15:45:02.675+03:00 DEBUG 16084 --- [    Test worker] o.s.jdbc.datasource.init.ScriptUtils     : 0 returned as update count for SQL: TRUNCATE TABLE vehicles, user_storage_access, storages, users, items, borrowings, transportations, keeping, item_maintenance, user_storage_access RESTART IDENTITY CASCADE
2025-11-10T15:45:02.676+03:00 DEBUG 16084 --- [    Test worker] o.s.jdbc.datasource.init.ScriptUtils     : Executed SQL script from class path resource [cleanup.sql] in 14 ms.
2025-11-10T15:45:02.699+03:00 DEBUG 16084 --- [    Test worker] o.s.jdbc.datasource.DataSourceUtils      : Setting JDBC Connection [HikariProxyConnection@1431078639 wrapping org.postgresql.jdbc.PgConnection@5d0d1b03] read-only
2025-11-10T15:45:02.702+03:00 DEBUG 16084 --- [    Test worker] o.s.jdbc.datasource.DataSourceUtils      : Resetting read-only flag of JDBC Connection [HikariProxyConnection@1431078639 wrapping org.postgresql.jdbc.PgConnection@5d0d1b03]
2025-11-10T15:45:02.706+03:00 DEBUG 16084 --- [    Test worker] o.s.jdbc.datasource.init.ScriptUtils     : Executing SQL script from class path resource [cleanup.sql]
2025-11-10T15:45:02.720+03:00 DEBUG 16084 --- [    Test worker] o.s.jdbc.datasource.init.ScriptUtils     : 0 returned as update count for SQL: TRUNCATE TABLE vehicles, user_storage_access, storages, users, items, borrowings, transportations, keeping, item_maintenance, user_storage_access RESTART IDENTITY CASCADE
2025-11-10T15:45:02.720+03:00 DEBUG 16084 --- [    Test worker] o.s.jdbc.datasource.init.ScriptUtils     : Executed SQL script from class path resource [cleanup.sql] in 14 ms.
2025-11-10T15:45:02.743+03:00  INFO 16084 --- [    Test worker] c.e.warehouse.service.ItemServiceImpl    : Updating item with ID: 1
2025-11-10T15:45:02.743+03:00 DEBUG 16084 --- [    Test worker] o.s.jdbc.datasource.DataSourceUtils      : Setting JDBC Connection [HikariProxyConnection@475161364 wrapping org.postgresql.jdbc.PgConnection@5d0d1b03] read-only
2025-11-10T15:45:02.747+03:00 DEBUG 16084 --- [    Test worker] o.s.jdbc.datasource.DataSourceUtils      : Resetting read-only flag of JDBC Connection [HikariProxyConnection@475161364 wrapping org.postgresql.jdbc.PgConnection@5d0d1b03]
2025-11-10T15:45:02.754+03:00  INFO 16084 --- [    Test worker] c.e.warehouse.service.ItemServiceImpl    : Item with ID: 1 updated successfully
2025-11-10T15:45:02.754+03:00 DEBUG 16084 --- [    Test worker] o.s.jdbc.datasource.DataSourceUtils      : Setting JDBC Connection [HikariProxyConnection@1814921763 wrapping org.postgresql.jdbc.PgConnection@5d0d1b03] read-only
2025-11-10T15:45:02.758+03:00 DEBUG 16084 --- [    Test worker] o.s.jdbc.datasource.DataSourceUtils      : Resetting read-only flag of JDBC Connection [HikariProxyConnection@1814921763 wrapping org.postgresql.jdbc.PgConnection@5d0d1b03]
2025-11-10T15:45:02.761+03:00 DEBUG 16084 --- [    Test worker] o.s.jdbc.datasource.init.ScriptUtils     : Executing SQL script from class path resource [cleanup.sql]
2025-11-10T15:45:02.775+03:00 DEBUG 16084 --- [    Test worker] o.s.jdbc.datasource.init.ScriptUtils     : 0 returned as update count for SQL: TRUNCATE TABLE vehicles, user_storage_access, storages, users, items, borrowings, transportations, keeping, item_maintenance, user_storage_access RESTART IDENTITY CASCADE
2025-11-10T15:45:02.775+03:00 DEBUG 16084 --- [    Test worker] o.s.jdbc.datasource.init.ScriptUtils     : Executed SQL script from class path resource [cleanup.sql] in 14 ms.
2025-11-10T15:45:02.801+03:00  INFO 16084 --- [    Test worker] c.e.warehouse.service.ItemServiceImpl    : Updating item with ID: 1
2025-11-10T15:45:02.801+03:00 DEBUG 16084 --- [    Test worker] o.s.jdbc.datasource.DataSourceUtils      : Setting JDBC Connection [HikariProxyConnection@331887829 wrapping org.postgresql.jdbc.PgConnection@5d0d1b03] read-only
2025-11-10T15:45:02.804+03:00 DEBUG 16084 --- [    Test worker] o.s.jdbc.datasource.DataSourceUtils      : Resetting read-only flag of JDBC Connection [HikariProxyConnection@331887829 wrapping org.postgresql.jdbc.PgConnection@5d0d1b03]
2025-11-10T15:45:02.811+03:00  INFO 16084 --- [    Test worker] c.e.warehouse.service.ItemServiceImpl    : Item with ID: 1 updated successfully
2025-11-10T15:45:02.812+03:00 DEBUG 16084 --- [    Test worker] o.s.jdbc.datasource.DataSourceUtils      : Setting JDBC Connection [HikariProxyConnection@167225870 wrapping org.postgresql.jdbc.PgConnection@5d0d1b03] read-only
2025-11-10T15:45:02.817+03:00 DEBUG 16084 --- [    Test worker] o.s.jdbc.datasource.DataSourceUtils      : Resetting read-only flag of JDBC Connection [HikariProxyConnection@167225870 wrapping org.postgresql.jdbc.PgConnection@5d0d1b03]
2025-11-10T15:45:02.821+03:00 DEBUG 16084 --- [    Test worker] o.s.jdbc.datasource.init.ScriptUtils     : Executing SQL script from class path resource [cleanup.sql]
2025-11-10T15:45:02.835+03:00 DEBUG 16084 --- [    Test worker] o.s.jdbc.datasource.init.ScriptUtils     : 0 returned as update count for SQL: TRUNCATE TABLE vehicles, user_storage_access, storages, users, items, borrowings, transportations, keeping, item_maintenance, user_storage_access RESTART IDENTITY CASCADE
2025-11-10T15:45:02.835+03:00 DEBUG 16084 --- [    Test worker] o.s.jdbc.datasource.init.ScriptUtils     : Executed SQL script from class path resource [cleanup.sql] in 14 ms.
2025-11-10T15:45:02.858+03:00 DEBUG 16084 --- [    Test worker] o.s.jdbc.datasource.DataSourceUtils      : Setting JDBC Connection [HikariProxyConnection@1016434202 wrapping org.postgresql.jdbc.PgConnection@5d0d1b03] read-only
2025-11-10T15:45:02.864+03:00 DEBUG 16084 --- [    Test worker] o.s.jdbc.datasource.DataSourceUtils      : Resetting read-only flag of JDBC Connection [HikariProxyConnection@1016434202 wrapping org.postgresql.jdbc.PgConnection@5d0d1b03]
2025-11-10T15:45:02.868+03:00 DEBUG 16084 --- [    Test worker] o.s.jdbc.datasource.init.ScriptUtils     : Executing SQL script from class path resource [cleanup.sql]
2025-11-10T15:45:02.882+03:00 DEBUG 16084 --- [    Test worker] o.s.jdbc.datasource.init.ScriptUtils     : 0 returned as update count for SQL: TRUNCATE TABLE vehicles, user_storage_access, storages, users, items, borrowings, transportations, keeping, item_maintenance, user_storage_access RESTART IDENTITY CASCADE
2025-11-10T15:45:02.882+03:00 DEBUG 16084 --- [    Test worker] o.s.jdbc.datasource.init.ScriptUtils     : Executed SQL script from class path resource [cleanup.sql] in 14 ms.
2025-11-10T15:45:02.908+03:00  INFO 16084 --- [    Test worker] c.e.warehouse.service.ItemServiceImpl    : Updating item with ID: 1
2025-11-10T15:45:02.908+03:00 DEBUG 16084 --- [    Test worker] o.s.jdbc.datasource.DataSourceUtils      : Setting JDBC Connection [HikariProxyConnection@1463777647 wrapping org.postgresql.jdbc.PgConnection@5d0d1b03] read-only
2025-11-10T15:45:02.911+03:00 DEBUG 16084 --- [    Test worker] o.s.jdbc.datasource.DataSourceUtils      : Resetting read-only flag of JDBC Connection [HikariProxyConnection@1463777647 wrapping org.postgresql.jdbc.PgConnection@5d0d1b03]
2025-11-10T15:45:02.921+03:00  INFO 16084 --- [    Test worker] c.e.warehouse.service.ItemServiceImpl    : Item with ID: 1 updated successfully
2025-11-10T15:45:02.921+03:00 DEBUG 16084 --- [    Test worker] o.s.jdbc.datasource.DataSourceUtils      : Setting JDBC Connection [HikariProxyConnection@657057385 wrapping org.postgresql.jdbc.PgConnection@5d0d1b03] read-only
2025-11-10T15:45:02.924+03:00 DEBUG 16084 --- [    Test worker] o.s.jdbc.datasource.DataSourceUtils      : Resetting read-only flag of JDBC Connection [HikariProxyConnection@657057385 wrapping org.postgresql.jdbc.PgConnection@5d0d1b03]
2025-11-10T15:45:02.927+03:00 DEBUG 16084 --- [    Test worker] o.s.jdbc.datasource.init.ScriptUtils     : Executing SQL script from class path resource [cleanup.sql]
2025-11-10T15:45:02.941+03:00 DEBUG 16084 --- [    Test worker] o.s.jdbc.datasource.init.ScriptUtils     : 0 returned as update count for SQL: TRUNCATE TABLE vehicles, user_storage_access, storages, users, items, borrowings, transportations, keeping, item_maintenance, user_storage_access RESTART IDENTITY CASCADE
2025-11-10T15:45:02.941+03:00 DEBUG 16084 --- [    Test worker] o.s.jdbc.datasource.init.ScriptUtils     : Executed SQL script from class path resource [cleanup.sql] in 14 ms.
2025-11-10T15:45:02.971+03:00 DEBUG 16084 --- [    Test worker] o.s.jdbc.datasource.init.ScriptUtils     : Executing SQL script from class path resource [cleanup.sql]
2025-11-10T15:45:02.984+03:00 DEBUG 16084 --- [    Test worker] o.s.jdbc.datasource.init.ScriptUtils     : 0 returned as update count for SQL: TRUNCATE TABLE vehicles, user_storage_access, storages, users, items, borrowings, transportations, keeping, item_maintenance, user_storage_access RESTART IDENTITY CASCADE
2025-11-10T15:45:02.984+03:00 DEBUG 16084 --- [    Test worker] o.s.jdbc.datasource.init.ScriptUtils     : Executed SQL script from class path resource [cleanup.sql] in 13 ms.
2025-11-10T15:45:03.009+03:00 DEBUG 16084 --- [    Test worker] o.s.jdbc.datasource.DataSourceUtils      : Setting JDBC Connection [HikariProxyConnection@1099093556 wrapping org.postgresql.jdbc.PgConnection@5d0d1b03] read-only
2025-11-10T15:45:03.018+03:00 DEBUG 16084 --- [    Test worker] o.s.jdbc.datasource.DataSourceUtils      : Resetting read-only flag of JDBC Connection [HikariProxyConnection@1099093556 wrapping org.postgresql.jdbc.PgConnection@5d0d1b03]
2025-11-10T15:45:03.021+03:00 DEBUG 16084 --- [    Test worker] o.s.jdbc.datasource.init.ScriptUtils     : Executing SQL script from class path resource [cleanup.sql]
2025-11-10T15:45:03.034+03:00 DEBUG 16084 --- [    Test worker] o.s.jdbc.datasource.init.ScriptUtils     : 0 returned as update count for SQL: TRUNCATE TABLE vehicles, user_storage_access, storages, users, items, borrowings, transportations, keeping, item_maintenance, user_storage_access RESTART IDENTITY CASCADE
2025-11-10T15:45:03.034+03:00 DEBUG 16084 --- [    Test worker] o.s.jdbc.datasource.init.ScriptUtils     : Executed SQL script from class path resource [cleanup.sql] in 13 ms.
2025-11-10T15:45:03.058+03:00 DEBUG 16084 --- [    Test worker] o.s.jdbc.datasource.DataSourceUtils      : Setting JDBC Connection [HikariProxyConnection@808900777 wrapping org.postgresql.jdbc.PgConnection@5d0d1b03] read-only
2025-11-10T15:45:03.062+03:00 DEBUG 16084 --- [    Test worker] o.s.jdbc.datasource.DataSourceUtils      : Resetting read-only flag of JDBC Connection [HikariProxyConnection@808900777 wrapping org.postgresql.jdbc.PgConnection@5d0d1b03]
2025-11-10T15:45:03.065+03:00 DEBUG 16084 --- [    Test worker] o.s.jdbc.datasource.init.ScriptUtils     : Executing SQL script from class path resource [cleanup.sql]
2025-11-10T15:45:03.078+03:00 DEBUG 16084 --- [    Test worker] o.s.jdbc.datasource.init.ScriptUtils     : 0 returned as update count for SQL: TRUNCATE TABLE vehicles, user_storage_access, storages, users, items, borrowings, transportations, keeping, item_maintenance, user_storage_access RESTART IDENTITY CASCADE
2025-11-10T15:45:03.078+03:00 DEBUG 16084 --- [    Test worker] o.s.jdbc.datasource.init.ScriptUtils     : Executed SQL script from class path resource [cleanup.sql] in 13 ms.
2025-11-10T15:45:03.103+03:00  INFO 16084 --- [    Test worker] c.e.warehouse.service.ItemServiceImpl    : Updating item with ID: 1
2025-11-10T15:45:03.103+03:00 DEBUG 16084 --- [    Test worker] o.s.jdbc.datasource.DataSourceUtils      : Setting JDBC Connection [HikariProxyConnection@1771671617 wrapping org.postgresql.jdbc.PgConnection@5d0d1b03] read-only
2025-11-10T15:45:03.106+03:00 DEBUG 16084 --- [    Test worker] o.s.jdbc.datasource.DataSourceUtils      : Resetting read-only flag of JDBC Connection [HikariProxyConnection@1771671617 wrapping org.postgresql.jdbc.PgConnection@5d0d1b03]
2025-11-10T15:45:03.112+03:00  INFO 16084 --- [    Test worker] c.e.warehouse.service.ItemServiceImpl    : Item with ID: 1 updated successfully
2025-11-10T15:45:03.113+03:00 DEBUG 16084 --- [    Test worker] o.s.jdbc.datasource.DataSourceUtils      : Setting JDBC Connection [HikariProxyConnection@806348072 wrapping org.postgresql.jdbc.PgConnection@5d0d1b03] read-only
2025-11-10T15:45:03.117+03:00 DEBUG 16084 --- [    Test worker] o.s.jdbc.datasource.DataSourceUtils      : Resetting read-only flag of JDBC Connection [HikariProxyConnection@806348072 wrapping org.postgresql.jdbc.PgConnection@5d0d1b03]
2025-11-10T15:45:03.121+03:00 DEBUG 16084 --- [    Test worker] o.s.jdbc.datasource.init.ScriptUtils     : Executing SQL script from class path resource [cleanup.sql]
2025-11-10T15:45:03.136+03:00 DEBUG 16084 --- [    Test worker] o.s.jdbc.datasource.init.ScriptUtils     : 0 returned as update count for SQL: TRUNCATE TABLE vehicles, user_storage_access, storages, users, items, borrowings, transportations, keeping, item_maintenance, user_storage_access RESTART IDENTITY CASCADE
2025-11-10T15:45:03.136+03:00 DEBUG 16084 --- [    Test worker] o.s.jdbc.datasource.init.ScriptUtils     : Executed SQL script from class path resource [cleanup.sql] in 15 ms.
2025-11-10T15:45:03.169+03:00 DEBUG 16084 --- [    Test worker] o.s.jdbc.datasource.init.ScriptUtils     : Executing SQL script from class path resource [cleanup.sql]
2025-11-10T15:45:03.181+03:00 DEBUG 16084 --- [    Test worker] o.s.jdbc.datasource.init.ScriptUtils     : 0 returned as update count for SQL: TRUNCATE TABLE vehicles, user_storage_access, storages, users, items, borrowings, transportations, keeping, item_maintenance, user_storage_access RESTART IDENTITY CASCADE
2025-11-10T15:45:03.181+03:00 DEBUG 16084 --- [    Test worker] o.s.jdbc.datasource.init.ScriptUtils     : Executed SQL script from class path resource [cleanup.sql] in 12 ms.
2025-11-10T15:45:03.207+03:00  INFO 16084 --- [    Test worker] c.e.warehouse.service.ItemServiceImpl    : Creating new item: New Tablet
2025-11-10T15:45:03.215+03:00  INFO 16084 --- [    Test worker] c.e.warehouse.service.ItemServiceImpl    : Item created successfully with ID: 4
2025-11-10T15:45:03.216+03:00 DEBUG 16084 --- [    Test worker] o.s.jdbc.datasource.DataSourceUtils      : Setting JDBC Connection [HikariProxyConnection@1603717695 wrapping org.postgresql.jdbc.PgConnection@5d0d1b03] read-only
2025-11-10T15:45:03.219+03:00 DEBUG 16084 --- [    Test worker] o.s.jdbc.datasource.DataSourceUtils      : Resetting read-only flag of JDBC Connection [HikariProxyConnection@1603717695 wrapping org.postgresql.jdbc.PgConnection@5d0d1b03]
2025-11-10T15:45:03.223+03:00 DEBUG 16084 --- [    Test worker] o.s.jdbc.datasource.init.ScriptUtils     : Executing SQL script from class path resource [cleanup.sql]
2025-11-10T15:45:03.237+03:00 DEBUG 16084 --- [    Test worker] o.s.jdbc.datasource.init.ScriptUtils     : 0 returned as update count for SQL: TRUNCATE TABLE vehicles, user_storage_access, storages, users, items, borrowings, transportations, keeping, item_maintenance, user_storage_access RESTART IDENTITY CASCADE
2025-11-10T15:45:03.237+03:00 DEBUG 16084 --- [    Test worker] o.s.jdbc.datasource.init.ScriptUtils     : Executed SQL script from class path resource [cleanup.sql] in 14 ms.
2025-11-10T15:45:03.271+03:00 DEBUG 16084 --- [    Test worker] o.s.jdbc.datasource.init.ScriptUtils     : Executing SQL script from class path resource [cleanup.sql]
2025-11-10T15:45:03.284+03:00 DEBUG 16084 --- [    Test worker] o.s.jdbc.datasource.init.ScriptUtils     : 0 returned as update count for SQL: TRUNCATE TABLE vehicles, user_storage_access, storages, users, items, borrowings, transportations, keeping, item_maintenance, user_storage_access RESTART IDENTITY CASCADE
2025-11-10T15:45:03.284+03:00 DEBUG 16084 --- [    Test worker] o.s.jdbc.datasource.init.ScriptUtils     : Executed SQL script from class path resource [cleanup.sql] in 13 ms.
2025-11-10T15:45:03.309+03:00 DEBUG 16084 --- [    Test worker] o.s.jdbc.datasource.DataSourceUtils      : Setting JDBC Connection [HikariProxyConnection@255600312 wrapping org.postgresql.jdbc.PgConnection@5d0d1b03] read-only
2025-11-10T15:45:03.314+03:00 DEBUG 16084 --- [    Test worker] o.s.jdbc.datasource.DataSourceUtils      : Resetting read-only flag of JDBC Connection [HikariProxyConnection@255600312 wrapping org.postgresql.jdbc.PgConnection@5d0d1b03]
2025-11-10T15:45:03.318+03:00 DEBUG 16084 --- [    Test worker] o.s.jdbc.datasource.init.ScriptUtils     : Executing SQL script from class path resource [cleanup.sql]
2025-11-10T15:45:03.331+03:00 DEBUG 16084 --- [    Test worker] o.s.jdbc.datasource.init.ScriptUtils     : 0 returned as update count for SQL: TRUNCATE TABLE vehicles, user_storage_access, storages, users, items, borrowings, transportations, keeping, item_maintenance, user_storage_access RESTART IDENTITY CASCADE
2025-11-10T15:45:03.331+03:00 DEBUG 16084 --- [    Test worker] o.s.jdbc.datasource.init.ScriptUtils     : Executed SQL script from class path resource [cleanup.sql] in 13 ms.
2025-11-10T15:45:03.355+03:00  INFO 16084 --- [    Test worker] c.e.warehouse.service.ItemServiceImpl    : Creating new item: Another Laptop
2025-11-10T15:45:03.364+03:00 DEBUG 16084 --- [    Test worker] o.s.jdbc.datasource.init.ScriptUtils     : Executing SQL script from class path resource [cleanup.sql]
2025-11-10T15:45:03.380+03:00 DEBUG 16084 --- [    Test worker] o.s.jdbc.datasource.init.ScriptUtils     : 0 returned as update count for SQL: TRUNCATE TABLE vehicles, user_storage_access, storages, users, items, borrowings, transportations, keeping, item_maintenance, user_storage_access RESTART IDENTITY CASCADE
2025-11-10T15:45:03.380+03:00 DEBUG 16084 --- [    Test worker] o.s.jdbc.datasource.init.ScriptUtils     : Executed SQL script from class path resource [cleanup.sql] in 16 ms.
2025-11-10T15:45:03.412+03:00 DEBUG 16084 --- [    Test worker] o.s.jdbc.datasource.init.ScriptUtils     : Executing SQL script from class path resource [cleanup.sql]
2025-11-10T15:45:03.425+03:00 DEBUG 16084 --- [    Test worker] o.s.jdbc.datasource.init.ScriptUtils     : 0 returned as update count for SQL: TRUNCATE TABLE vehicles, user_storage_access, storages, users, items, borrowings, transportations, keeping, item_maintenance, user_storage_access RESTART IDENTITY CASCADE
2025-11-10T15:45:03.425+03:00 DEBUG 16084 --- [    Test worker] o.s.jdbc.datasource.init.ScriptUtils     : Executed SQL script from class path resource [cleanup.sql] in 13 ms.
2025-11-10T15:45:03.450+03:00 DEBUG 16084 --- [    Test worker] o.s.jdbc.datasource.DataSourceUtils      : Setting JDBC Connection [HikariProxyConnection@34260437 wrapping org.postgresql.jdbc.PgConnection@5d0d1b03] read-only
2025-11-10T15:45:03.454+03:00 DEBUG 16084 --- [    Test worker] o.s.jdbc.datasource.DataSourceUtils      : Resetting read-only flag of JDBC Connection [HikariProxyConnection@34260437 wrapping org.postgresql.jdbc.PgConnection@5d0d1b03]
]]></system-out>
  <system-err><![CDATA[]]></system-err>
</testsuite>
