<?xml version="1.0" encoding="UTF-8"?>
<testsuite name="com.example.warehouse.testinfra.InfrastructureSmokeTest" tests="1" skipped="0" failures="0" errors="0" timestamp="2025-11-10T12:45:40.123Z" hostname="ASUS-TUF" time="0.011">
  <properties/>
  <testcase name="liquibaseHasRun()" classname="com.example.warehouse.testinfra.InfrastructureSmokeTest" time="0.011"/>
  <system-out><![CDATA[2025-11-10T15:45:39.014+03:00  INFO 16084 --- [    Test worker] t.c.s.AnnotationConfigContextLoaderUtils : Could not detect default configuration classes for test class [com.example.warehouse.testinfra.InfrastructureSmokeTest]: InfrastructureSmokeTest does not declare any static, non-private, non-final, nested classes annotated with @Configuration.
2025-11-10T15:45:39.041+03:00  INFO 16084 --- [    Test worker] .b.t.c.SpringBootTestContextBootstrapper : Found @SpringBootConfiguration com.example.warehouse.WarehouseApplication for test class com.example.warehouse.testinfra.InfrastructureSmokeTest

  .   ____          _            __ _ _
 /\\ / ___'_ __ _ _(_)_ __  __ _ \ \ \ \
( ( )\___ | '_ | '_| | '_ \/ _` | \ \ \ \
 \\/  ___)| |_)| | | | | || (_| |  ) ) ) )
  '  |____| .__|_| |_|_| |_\__, | / / / /
 =========|_|==============|___/=/_/_/_/

 :: Spring Boot ::                (v3.5.6)

2025-11-10T15:45:39.090+03:00  INFO 16084 --- [    Test worker] c.e.w.testinfra.InfrastructureSmokeTest  : Starting InfrastructureSmokeTest using Java 17.0.15 with PID 16084 (started by dimak in C:\Users\dimak\Desktop\studing\high_performance_systems\VPS)
2025-11-10T15:45:39.091+03:00  INFO 16084 --- [    Test worker] c.e.w.testinfra.InfrastructureSmokeTest  : No active profile set, falling back to 1 default profile: "default"
2025-11-10T15:45:39.454+03:00  INFO 16084 --- [    Test worker] .s.d.r.c.RepositoryConfigurationDelegate : Bootstrapping Spring Data JPA repositories in DEFAULT mode.
2025-11-10T15:45:39.494+03:00  INFO 16084 --- [    Test worker] .s.d.r.c.RepositoryConfigurationDelegate : Finished Spring Data repository scanning in 38 ms. Found 9 JPA repository interfaces.
2025-11-10T15:45:39.554+03:00 DEBUG 16084 --- [    Test worker] com.zaxxer.hikari.HikariConfig           : Class org.postgresql.Driver found in Thread context class loader jdk.internal.loader.ClassLoaders$AppClassLoader@60e53b93
2025-11-10T15:45:39.557+03:00 DEBUG 16084 --- [    Test worker] com.zaxxer.hikari.HikariConfig           : HikariPool-13 - configuration:
2025-11-10T15:45:39.557+03:00 DEBUG 16084 --- [    Test worker] com.zaxxer.hikari.HikariConfig           : allowPoolSuspension.............false
2025-11-10T15:45:39.557+03:00 DEBUG 16084 --- [    Test worker] com.zaxxer.hikari.HikariConfig           : autoCommit......................true
2025-11-10T15:45:39.557+03:00 DEBUG 16084 --- [    Test worker] com.zaxxer.hikari.HikariConfig           : catalog.........................none
2025-11-10T15:45:39.557+03:00 DEBUG 16084 --- [    Test worker] com.zaxxer.hikari.HikariConfig           : connectionInitSql...............none
2025-11-10T15:45:39.557+03:00 DEBUG 16084 --- [    Test worker] com.zaxxer.hikari.HikariConfig           : connectionTestQuery.............none
2025-11-10T15:45:39.557+03:00 DEBUG 16084 --- [    Test worker] com.zaxxer.hikari.HikariConfig           : connectionTimeout...............30000
2025-11-10T15:45:39.557+03:00 DEBUG 16084 --- [    Test worker] com.zaxxer.hikari.HikariConfig           : credentials.....................com.zaxxer.hikari.util.Credentials@5aca28d2
2025-11-10T15:45:39.557+03:00 DEBUG 16084 --- [    Test worker] com.zaxxer.hikari.HikariConfig           : dataSource......................none
2025-11-10T15:45:39.557+03:00 DEBUG 16084 --- [    Test worker] com.zaxxer.hikari.HikariConfig           : dataSourceClassName.............none
2025-11-10T15:45:39.557+03:00 DEBUG 16084 --- [    Test worker] com.zaxxer.hikari.HikariConfig           : dataSourceJNDI..................none
2025-11-10T15:45:39.557+03:00 DEBUG 16084 --- [    Test worker] com.zaxxer.hikari.HikariConfig           : dataSourceProperties............{password=<masked>}
2025-11-10T15:45:39.557+03:00 DEBUG 16084 --- [    Test worker] com.zaxxer.hikari.HikariConfig           : driverClassName................."org.postgresql.Driver"
2025-11-10T15:45:39.557+03:00 DEBUG 16084 --- [    Test worker] com.zaxxer.hikari.HikariConfig           : exceptionOverride...............none
2025-11-10T15:45:39.557+03:00 DEBUG 16084 --- [    Test worker] com.zaxxer.hikari.HikariConfig           : exceptionOverrideClassName......none
2025-11-10T15:45:39.557+03:00 DEBUG 16084 --- [    Test worker] com.zaxxer.hikari.HikariConfig           : healthCheckProperties...........{}
2025-11-10T15:45:39.557+03:00 DEBUG 16084 --- [    Test worker] com.zaxxer.hikari.HikariConfig           : healthCheckRegistry.............none
2025-11-10T15:45:39.557+03:00 DEBUG 16084 --- [    Test worker] com.zaxxer.hikari.HikariConfig           : idleTimeout.....................600000
2025-11-10T15:45:39.559+03:00 DEBUG 16084 --- [    Test worker] com.zaxxer.hikari.HikariConfig           : initializationFailTimeout.......1
2025-11-10T15:45:39.559+03:00 DEBUG 16084 --- [    Test worker] com.zaxxer.hikari.HikariConfig           : isolateInternalQueries..........false
2025-11-10T15:45:39.559+03:00 DEBUG 16084 --- [    Test worker] com.zaxxer.hikari.HikariConfig           : jdbcUrl.........................jdbc:postgresql://localhost:5432/warehouse
2025-11-10T15:45:39.559+03:00 DEBUG 16084 --- [    Test worker] com.zaxxer.hikari.HikariConfig           : keepaliveTime...................120000
2025-11-10T15:45:39.559+03:00 DEBUG 16084 --- [    Test worker] com.zaxxer.hikari.HikariConfig           : leakDetectionThreshold..........0
2025-11-10T15:45:39.559+03:00 DEBUG 16084 --- [    Test worker] com.zaxxer.hikari.HikariConfig           : maxLifetime.....................1800000
2025-11-10T15:45:39.559+03:00 DEBUG 16084 --- [    Test worker] com.zaxxer.hikari.HikariConfig           : maximumPoolSize.................10
2025-11-10T15:45:39.559+03:00 DEBUG 16084 --- [    Test worker] com.zaxxer.hikari.HikariConfig           : metricRegistry..................none
2025-11-10T15:45:39.559+03:00 DEBUG 16084 --- [    Test worker] com.zaxxer.hikari.HikariConfig           : metricsTrackerFactory...........none
2025-11-10T15:45:39.559+03:00 DEBUG 16084 --- [    Test worker] com.zaxxer.hikari.HikariConfig           : minimumIdle.....................10
2025-11-10T15:45:39.559+03:00 DEBUG 16084 --- [    Test worker] com.zaxxer.hikari.HikariConfig           : password........................<masked>
2025-11-10T15:45:39.559+03:00 DEBUG 16084 --- [    Test worker] com.zaxxer.hikari.HikariConfig           : poolName........................"HikariPool-13"
2025-11-10T15:45:39.559+03:00 DEBUG 16084 --- [    Test worker] com.zaxxer.hikari.HikariConfig           : readOnly........................false
2025-11-10T15:45:39.559+03:00 DEBUG 16084 --- [    Test worker] com.zaxxer.hikari.HikariConfig           : registerMbeans..................false
2025-11-10T15:45:39.559+03:00 DEBUG 16084 --- [    Test worker] com.zaxxer.hikari.HikariConfig           : scheduledExecutor...............none
2025-11-10T15:45:39.559+03:00 DEBUG 16084 --- [    Test worker] com.zaxxer.hikari.HikariConfig           : schema..........................none
2025-11-10T15:45:39.559+03:00 DEBUG 16084 --- [    Test worker] com.zaxxer.hikari.HikariConfig           : threadFactory...................internal
2025-11-10T15:45:39.559+03:00 DEBUG 16084 --- [    Test worker] com.zaxxer.hikari.HikariConfig           : transactionIsolation............default
2025-11-10T15:45:39.559+03:00 DEBUG 16084 --- [    Test worker] com.zaxxer.hikari.HikariConfig           : username........................"liquibase"
2025-11-10T15:45:39.559+03:00 DEBUG 16084 --- [    Test worker] com.zaxxer.hikari.HikariConfig           : validationTimeout...............5000
2025-11-10T15:45:39.559+03:00  INFO 16084 --- [    Test worker] com.zaxxer.hikari.HikariDataSource       : HikariPool-13 - Starting...
2025-11-10T15:45:39.560+03:00 DEBUG 16084 --- [    Test worker] com.zaxxer.hikari.pool.PoolBase          : HikariPool-13 - Attempting to create/setup new connection (5fb712b8-f6e8-444e-ba64-ff3a35ef029c)
2025-11-10T15:45:39.579+03:00 DEBUG 16084 --- [    Test worker] com.zaxxer.hikari.pool.PoolBase          : HikariPool-13 - Established new connection (5fb712b8-f6e8-444e-ba64-ff3a35ef029c)
2025-11-10T15:45:39.580+03:00  INFO 16084 --- [    Test worker] com.zaxxer.hikari.pool.HikariPool        : HikariPool-13 - Added connection org.postgresql.jdbc.PgConnection@1f552c02
2025-11-10T15:45:39.580+03:00  INFO 16084 --- [    Test worker] com.zaxxer.hikari.HikariDataSource       : HikariPool-13 - Start completed.
2025-11-10T15:45:39.591+03:00  INFO 16084 --- [    Test worker] liquibase.database                       : Set default schema name to public
2025-11-10T15:45:39.616+03:00  INFO 16084 --- [    Test worker] liquibase.changelog                      : Reading from public.databasechangelog
2025-11-10T15:45:39.644+03:00  INFO 16084 --- [    Test worker] liquibase.ui                             : Database is up to date, no changesets to execute
2025-11-10T15:45:39.646+03:00  INFO 16084 --- [    Test worker] liquibase.changelog                      : Reading from public.databasechangelog
2025-11-10T15:45:39.649+03:00  INFO 16084 --- [    Test worker] liquibase.util                           : UPDATE SUMMARY
2025-11-10T15:45:39.649+03:00  INFO 16084 --- [    Test worker] liquibase.util                           : Run:                          0
2025-11-10T15:45:39.649+03:00  INFO 16084 --- [    Test worker] liquibase.util                           : Previously run:               2
2025-11-10T15:45:39.649+03:00  INFO 16084 --- [    Test worker] liquibase.util                           : Filtered out:                 0
2025-11-10T15:45:39.649+03:00  INFO 16084 --- [    Test worker] liquibase.util                           : -------------------------------
2025-11-10T15:45:39.649+03:00  INFO 16084 --- [    Test worker] liquibase.util                           : Total change sets:            2
2025-11-10T15:45:39.649+03:00  INFO 16084 --- [    Test worker] liquibase.util                           : Update summary generated
2025-11-10T15:45:39.649+03:00  INFO 16084 --- [    Test worker] liquibase.command                        : Command execution complete
2025-11-10T15:45:39.667+03:00  INFO 16084 --- [    Test worker] o.hibernate.jpa.internal.util.LogHelper  : HHH000204: Processing PersistenceUnitInfo [name: default]
2025-11-10T15:45:39.671+03:00  INFO 16084 --- [    Test worker] o.h.c.internal.RegionFactoryInitiator    : HHH000026: Second-level cache disabled
2025-11-10T15:45:39.684+03:00  INFO 16084 --- [    Test worker] o.s.o.j.p.SpringPersistenceUnitInfo      : No LoadTimeWeaver setup: ignoring JPA class transformer
2025-11-10T15:45:39.689+03:00  INFO 16084 --- [    Test worker] org.hibernate.orm.connections.pooling    : HHH10001005: Database info:
	Database JDBC URL [Connecting through datasource 'HikariDataSource (HikariPool-13)']
	Database driver: undefined/unknown
	Database version: 15.14
	Autocommit mode: undefined/unknown
	Isolation level: undefined/unknown
	Minimum pool size: undefined/unknown
	Maximum pool size: undefined/unknown
2025-11-10T15:45:39.693+03:00 DEBUG 16084 --- [-13:housekeeper] com.zaxxer.hikari.pool.HikariPool        : HikariPool-13 - Pool stats (total=1/10, idle=1/10, active=0, waiting=0)
2025-11-10T15:45:39.693+03:00 DEBUG 16084 --- [onnection-adder] com.zaxxer.hikari.pool.PoolBase          : HikariPool-13 - Attempting to create/setup new connection (7255755b-a3e6-4275-a7d9-bd8958f89247)
2025-11-10T15:45:39.706+03:00 DEBUG 16084 --- [onnection-adder] com.zaxxer.hikari.pool.PoolBase          : HikariPool-13 - Established new connection (7255755b-a3e6-4275-a7d9-bd8958f89247)
2025-11-10T15:45:39.706+03:00 DEBUG 16084 --- [onnection-adder] com.zaxxer.hikari.pool.HikariPool        : HikariPool-13 - Added connection org.postgresql.jdbc.PgConnection@3c7e2660
2025-11-10T15:45:39.740+03:00 DEBUG 16084 --- [onnection-adder] com.zaxxer.hikari.pool.HikariPool        : HikariPool-13 - After adding stats (total=2/10, idle=2/10, active=0, waiting=0)
2025-11-10T15:45:39.740+03:00 DEBUG 16084 --- [onnection-adder] com.zaxxer.hikari.pool.PoolBase          : HikariPool-13 - Attempting to create/setup new connection (d8bf97a0-76ed-4621-9d06-5ad91ef5f96b)
2025-11-10T15:45:39.754+03:00 DEBUG 16084 --- [onnection-adder] com.zaxxer.hikari.pool.PoolBase          : HikariPool-13 - Established new connection (d8bf97a0-76ed-4621-9d06-5ad91ef5f96b)
2025-11-10T15:45:39.754+03:00 DEBUG 16084 --- [onnection-adder] com.zaxxer.hikari.pool.HikariPool        : HikariPool-13 - Added connection org.postgresql.jdbc.PgConnection@32b9cf9f
2025-11-10T15:45:39.779+03:00  INFO 16084 --- [    Test worker] o.h.e.t.j.p.i.JtaPlatformInitiator       : HHH000489: No JTA platform available (set 'hibernate.transaction.jta.platform' to enable JTA platform integration)
2025-11-10T15:45:39.785+03:00 DEBUG 16084 --- [onnection-adder] com.zaxxer.hikari.pool.HikariPool        : HikariPool-13 - After adding stats (total=3/10, idle=2/10, active=1, waiting=0)
2025-11-10T15:45:39.785+03:00 DEBUG 16084 --- [onnection-adder] com.zaxxer.hikari.pool.PoolBase          : HikariPool-13 - Attempting to create/setup new connection (feba1471-377f-4f2a-8ab9-f96e261e110b)
2025-11-10T15:45:39.791+03:00  INFO 16084 --- [    Test worker] j.LocalContainerEntityManagerFactoryBean : Initialized JPA EntityManagerFactory for persistence unit 'default'
2025-11-10T15:45:39.797+03:00 DEBUG 16084 --- [onnection-adder] com.zaxxer.hikari.pool.PoolBase          : HikariPool-13 - Established new connection (feba1471-377f-4f2a-8ab9-f96e261e110b)
2025-11-10T15:45:39.797+03:00 DEBUG 16084 --- [onnection-adder] com.zaxxer.hikari.pool.HikariPool        : HikariPool-13 - Added connection org.postgresql.jdbc.PgConnection@36864d10
2025-11-10T15:45:39.831+03:00 DEBUG 16084 --- [onnection-adder] com.zaxxer.hikari.pool.HikariPool        : HikariPool-13 - After adding stats (total=4/10, idle=4/10, active=0, waiting=0)
2025-11-10T15:45:39.831+03:00 DEBUG 16084 --- [onnection-adder] com.zaxxer.hikari.pool.PoolBase          : HikariPool-13 - Attempting to create/setup new connection (530931e0-a6b9-4849-8888-358551c0fc5a)
2025-11-10T15:45:39.843+03:00 DEBUG 16084 --- [onnection-adder] com.zaxxer.hikari.pool.PoolBase          : HikariPool-13 - Established new connection (530931e0-a6b9-4849-8888-358551c0fc5a)
2025-11-10T15:45:39.843+03:00 DEBUG 16084 --- [onnection-adder] com.zaxxer.hikari.pool.HikariPool        : HikariPool-13 - Added connection org.postgresql.jdbc.PgConnection@7384c5a4
2025-11-10T15:45:39.878+03:00 DEBUG 16084 --- [onnection-adder] com.zaxxer.hikari.pool.HikariPool        : HikariPool-13 - After adding stats (total=5/10, idle=5/10, active=0, waiting=0)
2025-11-10T15:45:39.878+03:00 DEBUG 16084 --- [onnection-adder] com.zaxxer.hikari.pool.PoolBase          : HikariPool-13 - Attempting to create/setup new connection (dd8f2827-7ca0-48c7-bfec-8b2a7d284508)
2025-11-10T15:45:39.891+03:00 DEBUG 16084 --- [onnection-adder] com.zaxxer.hikari.pool.PoolBase          : HikariPool-13 - Established new connection (dd8f2827-7ca0-48c7-bfec-8b2a7d284508)
2025-11-10T15:45:39.891+03:00 DEBUG 16084 --- [onnection-adder] com.zaxxer.hikari.pool.HikariPool        : HikariPool-13 - Added connection org.postgresql.jdbc.PgConnection@3e84a092
2025-11-10T15:45:39.924+03:00 DEBUG 16084 --- [onnection-adder] com.zaxxer.hikari.pool.HikariPool        : HikariPool-13 - After adding stats (total=6/10, idle=6/10, active=0, waiting=0)
2025-11-10T15:45:39.924+03:00 DEBUG 16084 --- [onnection-adder] com.zaxxer.hikari.pool.PoolBase          : HikariPool-13 - Attempting to create/setup new connection (6f281452-08e9-4081-b6af-78258382456f)
2025-11-10T15:45:39.939+03:00 DEBUG 16084 --- [onnection-adder] com.zaxxer.hikari.pool.PoolBase          : HikariPool-13 - Established new connection (6f281452-08e9-4081-b6af-78258382456f)
2025-11-10T15:45:39.939+03:00 DEBUG 16084 --- [onnection-adder] com.zaxxer.hikari.pool.HikariPool        : HikariPool-13 - Added connection org.postgresql.jdbc.PgConnection@42bd55ea
2025-11-10T15:45:39.971+03:00 DEBUG 16084 --- [onnection-adder] com.zaxxer.hikari.pool.HikariPool        : HikariPool-13 - After adding stats (total=7/10, idle=7/10, active=0, waiting=0)
2025-11-10T15:45:39.971+03:00 DEBUG 16084 --- [onnection-adder] com.zaxxer.hikari.pool.PoolBase          : HikariPool-13 - Attempting to create/setup new connection (cd27625b-f1f8-4317-bed3-c909b61e7500)
2025-11-10T15:45:39.984+03:00 DEBUG 16084 --- [onnection-adder] com.zaxxer.hikari.pool.PoolBase          : HikariPool-13 - Established new connection (cd27625b-f1f8-4317-bed3-c909b61e7500)
2025-11-10T15:45:39.984+03:00 DEBUG 16084 --- [onnection-adder] com.zaxxer.hikari.pool.HikariPool        : HikariPool-13 - Added connection org.postgresql.jdbc.PgConnection@46576e60
2025-11-10T15:45:40.008+03:00  WARN 16084 --- [    Test worker] JpaBaseConfiguration$JpaWebConfiguration : spring.jpa.open-in-view is enabled by default. Therefore, database queries may be performed during view rendering. Explicitly configure spring.jpa.open-in-view to disable this warning
2025-11-10T15:45:40.018+03:00 DEBUG 16084 --- [onnection-adder] com.zaxxer.hikari.pool.HikariPool        : HikariPool-13 - After adding stats (total=8/10, idle=8/10, active=0, waiting=0)
2025-11-10T15:45:40.018+03:00 DEBUG 16084 --- [onnection-adder] com.zaxxer.hikari.pool.PoolBase          : HikariPool-13 - Attempting to create/setup new connection (aa310be6-c14e-4c04-9629-9bd406fb89a7)
2025-11-10T15:45:40.032+03:00 DEBUG 16084 --- [onnection-adder] com.zaxxer.hikari.pool.PoolBase          : HikariPool-13 - Established new connection (aa310be6-c14e-4c04-9629-9bd406fb89a7)
2025-11-10T15:45:40.032+03:00 DEBUG 16084 --- [onnection-adder] com.zaxxer.hikari.pool.HikariPool        : HikariPool-13 - Added connection org.postgresql.jdbc.PgConnection@13ab3aeb
2025-11-10T15:45:40.063+03:00 DEBUG 16084 --- [onnection-adder] com.zaxxer.hikari.pool.HikariPool        : HikariPool-13 - After adding stats (total=9/10, idle=9/10, active=0, waiting=0)
2025-11-10T15:45:40.063+03:00 DEBUG 16084 --- [onnection-adder] com.zaxxer.hikari.pool.PoolBase          : HikariPool-13 - Attempting to create/setup new connection (552fbd29-a989-4808-b44e-144667098b47)
2025-11-10T15:45:40.076+03:00 DEBUG 16084 --- [onnection-adder] com.zaxxer.hikari.pool.PoolBase          : HikariPool-13 - Established new connection (552fbd29-a989-4808-b44e-144667098b47)
2025-11-10T15:45:40.076+03:00 DEBUG 16084 --- [onnection-adder] com.zaxxer.hikari.pool.HikariPool        : HikariPool-13 - Added connection org.postgresql.jdbc.PgConnection@830983c
2025-11-10T15:45:40.109+03:00 DEBUG 16084 --- [onnection-adder] com.zaxxer.hikari.pool.HikariPool        : HikariPool-13 - After adding stats (total=10/10, idle=10/10, active=0, waiting=0)
2025-11-10T15:45:40.121+03:00  INFO 16084 --- [    Test worker] c.e.w.testinfra.InfrastructureSmokeTest  : Started InfrastructureSmokeTest in 1.072 seconds (process running for 110.412)
2025-11-10T15:45:40.128+03:00 DEBUG 16084 --- [    Test worker] o.s.jdbc.core.JdbcTemplate               : Executing SQL query [select count(*) from public.databasechangelog]
2025-11-10T15:45:40.129+03:00 DEBUG 16084 --- [    Test worker] o.s.jdbc.datasource.DataSourceUtils      : Fetching JDBC Connection from DataSource
]]></system-out>
  <system-err><![CDATA[]]></system-err>
</testsuite>
