<?xml version="1.0" encoding="UTF-8"?>
<testsuite name="com.example.warehouse.service.TransportationServiceImplIntegrationTest" tests="32" skipped="0" failures="0" errors="0" timestamp="2025-11-10T12:45:19.965Z" hostname="ASUS-TUF" time="2.645">
  <properties/>
  <testcase name="completeTransportation_ShouldThrowOperationNotAllowedException_WhenNotInTransit()" classname="com.example.warehouse.service.TransportationServiceImplIntegrationTest" time="0.09"/>
  <testcase name="findPage_ShouldReturnFilteredByToStorage_WhenToStorageFilterApplied()" classname="com.example.warehouse.service.TransportationServiceImplIntegrationTest" time="0.076"/>
  <testcase name="findPage_ShouldReturnFilteredByMultipleCriteria_WhenMultipleFiltersApplied()" classname="com.example.warehouse.service.TransportationServiceImplIntegrationTest" time="0.082"/>
  <testcase name="update_ShouldThrowTransportationNotFoundException_WhenTransportationNotFound()" classname="com.example.warehouse.service.TransportationServiceImplIntegrationTest" time="0.078"/>
  <testcase name="countByStatus_ShouldReturnCorrectCount()" classname="com.example.warehouse.service.TransportationServiceImplIntegrationTest" time="0.086"/>
  <testcase name="startTransportation_ShouldStartTransportation_WhenPlanned()" classname="com.example.warehouse.service.TransportationServiceImplIntegrationTest" time="0.08"/>
  <testcase name="cancelTransportation_ShouldCancelTransportation_WhenNotFinalStatus()" classname="com.example.warehouse.service.TransportationServiceImplIntegrationTest" time="0.081"/>
  <testcase name="findPage_ShouldReturnFilteredByFromStorage_WhenFromStorageFilterApplied()" classname="com.example.warehouse.service.TransportationServiceImplIntegrationTest" time="0.083"/>
  <testcase name="create_ShouldCreateTransportation_WhenNoScheduledTimes()" classname="com.example.warehouse.service.TransportationServiceImplIntegrationTest" time="0.085"/>
  <testcase name="completeTransportation_ShouldCompleteTransportation_WhenInTransit()" classname="com.example.warehouse.service.TransportationServiceImplIntegrationTest" time="0.077"/>
  <testcase name="create_ShouldThrowItemNotFoundException_WhenItemNotFound()" classname="com.example.warehouse.service.TransportationServiceImplIntegrationTest" time="0.076"/>
  <testcase name="startTransportation_ShouldThrowOperationNotAllowedException_WhenNotPlanned()" classname="com.example.warehouse.service.TransportationServiceImplIntegrationTest" time="0.083"/>
  <testcase name="update_ShouldThrowOperationNotAllowedException_WhenFinalStatus()" classname="com.example.warehouse.service.TransportationServiceImplIntegrationTest" time="0.088"/>
  <testcase name="delete_ShouldThrowTransportationNotFoundException_WhenTransportationNotFound()" classname="com.example.warehouse.service.TransportationServiceImplIntegrationTest" time="0.071"/>
  <testcase name="findPage_ShouldReturnPagedResults_WhenPageSizeSmallerThanTotal()" classname="com.example.warehouse.service.TransportationServiceImplIntegrationTest" time="0.084"/>
  <testcase name="findPage_ShouldReturnFilteredByItem_WhenItemFilterApplied()" classname="com.example.warehouse.service.TransportationServiceImplIntegrationTest" time="0.079"/>
  <testcase name="getById_ShouldThrowTransportationNotFoundException_WhenTransportationNotFound()" classname="com.example.warehouse.service.TransportationServiceImplIntegrationTest" time="0.075"/>
  <testcase name="update_ShouldUpdateRelatedEntities_WhenEntitiesChanged()" classname="com.example.warehouse.service.TransportationServiceImplIntegrationTest" time="0.102"/>
  <testcase name="findPage_ShouldReturnEmptyPage_WhenPageOutOfRange()" classname="com.example.warehouse.service.TransportationServiceImplIntegrationTest" time="0.125"/>
  <testcase name="getById_ShouldReturnTransportation_WhenTransportationExists()" classname="com.example.warehouse.service.TransportationServiceImplIntegrationTest" time="0.114"/>
  <testcase name="delete_ShouldDeleteTransportation_WhenTransportationExistsAndNotFinalStatus()" classname="com.example.warehouse.service.TransportationServiceImplIntegrationTest" time="0.087"/>
  <testcase name="create_ShouldThrowOperationNotAllowedException_WhenSameFromAndToStorage()" classname="com.example.warehouse.service.TransportationServiceImplIntegrationTest" time="0.077"/>
  <testcase name="update_ShouldSetActualDeparture_WhenStatusChangedToInTransit()" classname="com.example.warehouse.service.TransportationServiceImplIntegrationTest" time="0.069"/>
  <testcase name="findPage_ShouldReturnEmptyPage_WhenNoMatchingFilters()" classname="com.example.warehouse.service.TransportationServiceImplIntegrationTest" time="0.08"/>
  <testcase name="findPage_ShouldReturnFilteredByStatus_WhenStatusFilterApplied()" classname="com.example.warehouse.service.TransportationServiceImplIntegrationTest" time="0.078"/>
  <testcase name="create_ShouldThrowUserNotFoundException_WhenDriverNotFound()" classname="com.example.warehouse.service.TransportationServiceImplIntegrationTest" time="0.075"/>
  <testcase name="update_ShouldSetActualArrival_WhenStatusChangedToDelivered()" classname="com.example.warehouse.service.TransportationServiceImplIntegrationTest" time="0.073"/>
  <testcase name="cancelTransportation_ShouldThrowOperationNotAllowedException_WhenFinalStatus()" classname="com.example.warehouse.service.TransportationServiceImplIntegrationTest" time="0.069"/>
  <testcase name="findPage_ShouldReturnAllTransportations_WhenNoFilters()" classname="com.example.warehouse.service.TransportationServiceImplIntegrationTest" time="0.073"/>
  <testcase name="update_ShouldNotSetActualTimes_WhenTheyAreAlreadySet()" classname="com.example.warehouse.service.TransportationServiceImplIntegrationTest" time="0.072"/>
  <testcase name="update_ShouldUpdateTransportation_WhenValidData()" classname="com.example.warehouse.service.TransportationServiceImplIntegrationTest" time="0.079"/>
  <testcase name="delete_ShouldThrowOperationNotAllowedException_WhenFinalStatus()" classname="com.example.warehouse.service.TransportationServiceImplIntegrationTest" time="0.074"/>
  <system-out><![CDATA[2025-11-10T15:45:16.685+03:00  INFO 16084 --- [    Test worker] tc.postgres:15-alpine                    : Creating container for image: postgres:15-alpine
2025-11-10T15:45:16.857+03:00  INFO 16084 --- [    Test worker] tc.postgres:15-alpine                    : Container postgres:15-alpine is starting: 695a8995f2e687a5e72711ab09e6036a98c362bf8f1129e1fedb47b81595e83b
2025-11-10T15:45:18.770+03:00  INFO 16084 --- [    Test worker] tc.postgres:15-alpine                    : Container postgres:15-alpine started in PT2.0850046S
2025-11-10T15:45:18.770+03:00  INFO 16084 --- [    Test worker] tc.postgres:15-alpine                    : Container is started (JDBC URL: jdbc:postgresql://localhost:62639/testdb?loggerLevel=OFF)
2025-11-10T15:45:18.772+03:00  INFO 16084 --- [    Test worker] t.c.s.AnnotationConfigContextLoaderUtils : Could not detect default configuration classes for test class [com.example.warehouse.service.TransportationServiceImplIntegrationTest]: TransportationServiceImplIntegrationTest does not declare any static, non-private, non-final, nested classes annotated with @Configuration.
2025-11-10T15:45:18.773+03:00  INFO 16084 --- [    Test worker] .b.t.c.SpringBootTestContextBootstrapper : Found @SpringBootConfiguration com.example.warehouse.WarehouseApplication for test class com.example.warehouse.service.TransportationServiceImplIntegrationTest

  .   ____          _            __ _ _
 /\\ / ___'_ __ _ _(_)_ __  __ _ \ \ \ \
( ( )\___ | '_ | '_| | '_ \/ _` | \ \ \ \
 \\/  ___)| |_)| | | | | || (_| |  ) ) ) )
  '  |____| .__|_| |_|_| |_\__, | / / / /
 =========|_|==============|___/=/_/_/_/

 :: Spring Boot ::                (v3.5.6)

2025-11-10T15:45:18.798+03:00  INFO 16084 --- [    Test worker] TransportationServiceImplIntegrationTest : Starting TransportationServiceImplIntegrationTest using Java 17.0.15 with PID 16084 (started by dimak in C:\Users\dimak\Desktop\studing\high_performance_systems\VPS)
2025-11-10T15:45:18.799+03:00  INFO 16084 --- [    Test worker] TransportationServiceImplIntegrationTest : No active profile set, falling back to 1 default profile: "default"
2025-11-10T15:45:19.023+03:00  INFO 16084 --- [    Test worker] .s.d.r.c.RepositoryConfigurationDelegate : Bootstrapping Spring Data JPA repositories in DEFAULT mode.
2025-11-10T15:45:19.059+03:00  INFO 16084 --- [    Test worker] .s.d.r.c.RepositoryConfigurationDelegate : Finished Spring Data repository scanning in 34 ms. Found 9 JPA repository interfaces.
2025-11-10T15:45:19.120+03:00 DEBUG 16084 --- [    Test worker] com.zaxxer.hikari.HikariConfig           : Class org.postgresql.Driver found in Thread context class loader jdk.internal.loader.ClassLoaders$AppClassLoader@60e53b93
2025-11-10T15:45:19.124+03:00 DEBUG 16084 --- [    Test worker] com.zaxxer.hikari.HikariConfig           : HikariPool-9 - configuration:
2025-11-10T15:45:19.124+03:00 DEBUG 16084 --- [    Test worker] com.zaxxer.hikari.HikariConfig           : allowPoolSuspension.............false
2025-11-10T15:45:19.124+03:00 DEBUG 16084 --- [    Test worker] com.zaxxer.hikari.HikariConfig           : autoCommit......................true
2025-11-10T15:45:19.124+03:00 DEBUG 16084 --- [    Test worker] com.zaxxer.hikari.HikariConfig           : catalog.........................none
2025-11-10T15:45:19.124+03:00 DEBUG 16084 --- [    Test worker] com.zaxxer.hikari.HikariConfig           : connectionInitSql...............none
2025-11-10T15:45:19.124+03:00 DEBUG 16084 --- [    Test worker] com.zaxxer.hikari.HikariConfig           : connectionTestQuery.............none
2025-11-10T15:45:19.124+03:00 DEBUG 16084 --- [    Test worker] com.zaxxer.hikari.HikariConfig           : connectionTimeout...............30000
2025-11-10T15:45:19.124+03:00 DEBUG 16084 --- [    Test worker] com.zaxxer.hikari.HikariConfig           : credentials.....................com.zaxxer.hikari.util.Credentials@783c290c
2025-11-10T15:45:19.124+03:00 DEBUG 16084 --- [    Test worker] com.zaxxer.hikari.HikariConfig           : dataSource......................none
2025-11-10T15:45:19.124+03:00 DEBUG 16084 --- [    Test worker] com.zaxxer.hikari.HikariConfig           : dataSourceClassName.............none
2025-11-10T15:45:19.124+03:00 DEBUG 16084 --- [    Test worker] com.zaxxer.hikari.HikariConfig           : dataSourceJNDI..................none
2025-11-10T15:45:19.124+03:00 DEBUG 16084 --- [    Test worker] com.zaxxer.hikari.HikariConfig           : dataSourceProperties............{password=<masked>}
2025-11-10T15:45:19.124+03:00 DEBUG 16084 --- [    Test worker] com.zaxxer.hikari.HikariConfig           : driverClassName................."org.postgresql.Driver"
2025-11-10T15:45:19.124+03:00 DEBUG 16084 --- [    Test worker] com.zaxxer.hikari.HikariConfig           : exceptionOverride...............none
2025-11-10T15:45:19.124+03:00 DEBUG 16084 --- [    Test worker] com.zaxxer.hikari.HikariConfig           : exceptionOverrideClassName......none
2025-11-10T15:45:19.124+03:00 DEBUG 16084 --- [    Test worker] com.zaxxer.hikari.HikariConfig           : healthCheckProperties...........{}
2025-11-10T15:45:19.124+03:00 DEBUG 16084 --- [    Test worker] com.zaxxer.hikari.HikariConfig           : healthCheckRegistry.............none
2025-11-10T15:45:19.124+03:00 DEBUG 16084 --- [    Test worker] com.zaxxer.hikari.HikariConfig           : idleTimeout.....................600000
2025-11-10T15:45:19.124+03:00 DEBUG 16084 --- [    Test worker] com.zaxxer.hikari.HikariConfig           : initializationFailTimeout.......1
2025-11-10T15:45:19.124+03:00 DEBUG 16084 --- [    Test worker] com.zaxxer.hikari.HikariConfig           : isolateInternalQueries..........false
2025-11-10T15:45:19.124+03:00 DEBUG 16084 --- [    Test worker] com.zaxxer.hikari.HikariConfig           : jdbcUrl.........................jdbc:postgresql://localhost:62639/testdb?loggerLevel=OFF
2025-11-10T15:45:19.124+03:00 DEBUG 16084 --- [    Test worker] com.zaxxer.hikari.HikariConfig           : keepaliveTime...................120000
2025-11-10T15:45:19.124+03:00 DEBUG 16084 --- [    Test worker] com.zaxxer.hikari.HikariConfig           : leakDetectionThreshold..........0
2025-11-10T15:45:19.124+03:00 DEBUG 16084 --- [    Test worker] com.zaxxer.hikari.HikariConfig           : maxLifetime.....................1800000
2025-11-10T15:45:19.125+03:00 DEBUG 16084 --- [    Test worker] com.zaxxer.hikari.HikariConfig           : maximumPoolSize.................10
2025-11-10T15:45:19.125+03:00 DEBUG 16084 --- [    Test worker] com.zaxxer.hikari.HikariConfig           : metricRegistry..................none
2025-11-10T15:45:19.125+03:00 DEBUG 16084 --- [    Test worker] com.zaxxer.hikari.HikariConfig           : metricsTrackerFactory...........none
2025-11-10T15:45:19.125+03:00 DEBUG 16084 --- [    Test worker] com.zaxxer.hikari.HikariConfig           : minimumIdle.....................10
2025-11-10T15:45:19.125+03:00 DEBUG 16084 --- [    Test worker] com.zaxxer.hikari.HikariConfig           : password........................<masked>
2025-11-10T15:45:19.125+03:00 DEBUG 16084 --- [    Test worker] com.zaxxer.hikari.HikariConfig           : poolName........................"HikariPool-9"
2025-11-10T15:45:19.125+03:00 DEBUG 16084 --- [    Test worker] com.zaxxer.hikari.HikariConfig           : readOnly........................false
2025-11-10T15:45:19.125+03:00 DEBUG 16084 --- [    Test worker] com.zaxxer.hikari.HikariConfig           : registerMbeans..................false
2025-11-10T15:45:19.125+03:00 DEBUG 16084 --- [    Test worker] com.zaxxer.hikari.HikariConfig           : scheduledExecutor...............none
2025-11-10T15:45:19.125+03:00 DEBUG 16084 --- [    Test worker] com.zaxxer.hikari.HikariConfig           : schema..........................none
2025-11-10T15:45:19.125+03:00 DEBUG 16084 --- [    Test worker] com.zaxxer.hikari.HikariConfig           : threadFactory...................internal
2025-11-10T15:45:19.125+03:00 DEBUG 16084 --- [    Test worker] com.zaxxer.hikari.HikariConfig           : transactionIsolation............default
2025-11-10T15:45:19.125+03:00 DEBUG 16084 --- [    Test worker] com.zaxxer.hikari.HikariConfig           : username........................"test"
2025-11-10T15:45:19.125+03:00 DEBUG 16084 --- [    Test worker] com.zaxxer.hikari.HikariConfig           : validationTimeout...............5000
2025-11-10T15:45:19.125+03:00  INFO 16084 --- [    Test worker] com.zaxxer.hikari.HikariDataSource       : HikariPool-9 - Starting...
2025-11-10T15:45:19.126+03:00 DEBUG 16084 --- [    Test worker] com.zaxxer.hikari.pool.PoolBase          : HikariPool-9 - Attempting to create/setup new connection (cb454620-8feb-41c7-9fba-b913c00fdba8)
2025-11-10T15:45:19.149+03:00 DEBUG 16084 --- [    Test worker] com.zaxxer.hikari.pool.PoolBase          : HikariPool-9 - Established new connection (cb454620-8feb-41c7-9fba-b913c00fdba8)
2025-11-10T15:45:19.150+03:00  INFO 16084 --- [    Test worker] com.zaxxer.hikari.pool.HikariPool        : HikariPool-9 - Added connection org.postgresql.jdbc.PgConnection@773d46dc
2025-11-10T15:45:19.150+03:00  INFO 16084 --- [    Test worker] com.zaxxer.hikari.HikariDataSource       : HikariPool-9 - Start completed.
2025-11-10T15:45:19.166+03:00  INFO 16084 --- [    Test worker] liquibase.database                       : Set default schema name to public
2025-11-10T15:45:19.188+03:00  INFO 16084 --- [    Test worker] liquibase.changelog                      : Creating database history table with name: public.databasechangelog
2025-11-10T15:45:19.197+03:00  INFO 16084 --- [    Test worker] liquibase.changelog                      : Reading from public.databasechangelog
2025-11-10T15:45:19.217+03:00  INFO 16084 --- [    Test worker] liquibase.snapshot                       : Creating snapshot
2025-11-10T15:45:19.257+03:00  INFO 16084 --- [    Test worker] liquibase.lockservice                    : Successfully acquired change log lock
2025-11-10T15:45:19.259+03:00  INFO 16084 --- [    Test worker] liquibase.command                        : Using deploymentId: 2778641640
2025-11-10T15:45:19.261+03:00  INFO 16084 --- [    Test worker] liquibase.changelog                      : Reading from public.databasechangelog
2025-11-10T15:45:19.264+03:00 DEBUG 16084 --- [l-9:housekeeper] com.zaxxer.hikari.pool.HikariPool        : HikariPool-9 - Pool stats (total=1/10, idle=0/10, active=1, waiting=0)
2025-11-10T15:45:19.265+03:00 DEBUG 16084 --- [onnection-adder] com.zaxxer.hikari.pool.PoolBase          : HikariPool-9 - Attempting to create/setup new connection (86c7408d-d3dc-406d-992a-2f4030d9b4a3)
2025-11-10T15:45:19.276+03:00  INFO 16084 --- [    Test worker] liquibase.ui                             : Running Changeset: db/changelog/changes/001-initial-schema.yaml::1::warehouse
2025-11-10T15:45:19.282+03:00 DEBUG 16084 --- [onnection-adder] com.zaxxer.hikari.pool.PoolBase          : HikariPool-9 - Established new connection (86c7408d-d3dc-406d-992a-2f4030d9b4a3)
2025-11-10T15:45:19.283+03:00 DEBUG 16084 --- [onnection-adder] com.zaxxer.hikari.pool.HikariPool        : HikariPool-9 - Added connection org.postgresql.jdbc.PgConnection@5291faca
2025-11-10T15:45:19.287+03:00  INFO 16084 --- [    Test worker] liquibase.changelog                      : Table users created
2025-11-10T15:45:19.294+03:00  INFO 16084 --- [    Test worker] liquibase.changelog                      : Table items created
2025-11-10T15:45:19.300+03:00  INFO 16084 --- [    Test worker] liquibase.changelog                      : Table storages created
2025-11-10T15:45:19.305+03:00  INFO 16084 --- [    Test worker] liquibase.changelog                      : Table vehicles created
2025-11-10T15:45:19.310+03:00  INFO 16084 --- [    Test worker] liquibase.changelog                      : Table keeping created
2025-11-10T15:45:19.315+03:00  INFO 16084 --- [    Test worker] liquibase.changelog                      : Table transportations created
2025-11-10T15:45:19.321+03:00  INFO 16084 --- [    Test worker] liquibase.changelog                      : Table borrowings created
2025-11-10T15:45:19.324+03:00 DEBUG 16084 --- [onnection-adder] com.zaxxer.hikari.pool.HikariPool        : HikariPool-9 - After adding stats (total=2/10, idle=1/10, active=1, waiting=0)
2025-11-10T15:45:19.324+03:00 DEBUG 16084 --- [onnection-adder] com.zaxxer.hikari.pool.PoolBase          : HikariPool-9 - Attempting to create/setup new connection (828de47f-233b-4d48-925b-088d84b7beb8)
2025-11-10T15:45:19.327+03:00  INFO 16084 --- [    Test worker] liquibase.changelog                      : Table item_maintenance created
2025-11-10T15:45:19.332+03:00  INFO 16084 --- [    Test worker] liquibase.changelog                      : Table user_storage_access created
2025-11-10T15:45:19.336+03:00  INFO 16084 --- [    Test worker] liquibase.changelog                      : Foreign key constraint added to keeping (storage_id)
2025-11-10T15:45:19.339+03:00  INFO 16084 --- [    Test worker] liquibase.changelog                      : Foreign key constraint added to keeping (item_id)
2025-11-10T15:45:19.341+03:00 DEBUG 16084 --- [onnection-adder] com.zaxxer.hikari.pool.PoolBase          : HikariPool-9 - Established new connection (828de47f-233b-4d48-925b-088d84b7beb8)
2025-11-10T15:45:19.341+03:00 DEBUG 16084 --- [onnection-adder] com.zaxxer.hikari.pool.HikariPool        : HikariPool-9 - Added connection org.postgresql.jdbc.PgConnection@5c561ee8
2025-11-10T15:45:19.342+03:00  INFO 16084 --- [    Test worker] liquibase.changelog                      : Foreign key constraint added to transportations (item_id)
2025-11-10T15:45:19.345+03:00  INFO 16084 --- [    Test worker] liquibase.changelog                      : Foreign key constraint added to transportations (vehicle_id)
2025-11-10T15:45:19.348+03:00  INFO 16084 --- [    Test worker] liquibase.changelog                      : Foreign key constraint added to transportations (driver_id)
2025-11-10T15:45:19.351+03:00  INFO 16084 --- [    Test worker] liquibase.changelog                      : Foreign key constraint added to transportations (from_storage_id)
2025-11-10T15:45:19.354+03:00  INFO 16084 --- [    Test worker] liquibase.changelog                      : Foreign key constraint added to transportations (to_storage_id)
2025-11-10T15:45:19.358+03:00  INFO 16084 --- [    Test worker] liquibase.changelog                      : Foreign key constraint added to borrowings (item_id)
2025-11-10T15:45:19.362+03:00  INFO 16084 --- [    Test worker] liquibase.changelog                      : Foreign key constraint added to borrowings (user_id)
2025-11-10T15:45:19.365+03:00  INFO 16084 --- [    Test worker] liquibase.changelog                      : Foreign key constraint added to item_maintenance (item_id)
2025-11-10T15:45:19.368+03:00  INFO 16084 --- [    Test worker] liquibase.changelog                      : Foreign key constraint added to item_maintenance (technician_id)
2025-11-10T15:45:19.371+03:00  INFO 16084 --- [    Test worker] liquibase.changelog                      : Foreign key constraint added to user_storage_access (user_id)
2025-11-10T15:45:19.374+03:00  INFO 16084 --- [    Test worker] liquibase.changelog                      : Foreign key constraint added to user_storage_access (storage_id)
2025-11-10T15:45:19.377+03:00  INFO 16084 --- [    Test worker] liquibase.changelog                      : Foreign key constraint added to user_storage_access (granted_by)
2025-11-10T15:45:19.381+03:00  INFO 16084 --- [    Test worker] liquibase.changelog                      : Unique constraint added to user_storage_access(user_id, storage_id)
2025-11-10T15:45:19.383+03:00  INFO 16084 --- [    Test worker] liquibase.changelog                      : Index idx_keeping_storage_item created
2025-11-10T15:45:19.385+03:00  INFO 16084 --- [    Test worker] liquibase.changelog                      : Index idx_borrowing_status created
2025-11-10T15:45:19.386+03:00 DEBUG 16084 --- [onnection-adder] com.zaxxer.hikari.pool.HikariPool        : HikariPool-9 - After adding stats (total=3/10, idle=2/10, active=1, waiting=0)
2025-11-10T15:45:19.386+03:00 DEBUG 16084 --- [onnection-adder] com.zaxxer.hikari.pool.PoolBase          : HikariPool-9 - Attempting to create/setup new connection (5ed30d4c-cf6f-4200-8cac-72a05cd9c53b)
2025-11-10T15:45:19.389+03:00  INFO 16084 --- [    Test worker] liquibase.changelog                      : Index idx_transportation_status created
2025-11-10T15:45:19.390+03:00  INFO 16084 --- [    Test worker] liquibase.changelog                      : ChangeSet db/changelog/changes/001-initial-schema.yaml::1::warehouse ran successfully in 114ms
2025-11-10T15:45:19.398+03:00 DEBUG 16084 --- [onnection-adder] com.zaxxer.hikari.pool.PoolBase          : HikariPool-9 - Established new connection (5ed30d4c-cf6f-4200-8cac-72a05cd9c53b)
2025-11-10T15:45:19.398+03:00 DEBUG 16084 --- [onnection-adder] com.zaxxer.hikari.pool.HikariPool        : HikariPool-9 - Added connection org.postgresql.jdbc.PgConnection@586991ba
2025-11-10T15:45:19.399+03:00  INFO 16084 --- [    Test worker] liquibase.ui                             : Running Changeset: db/changelog/changes/002-insert-test-data.yaml::2::warehouse
2025-11-10T15:45:19.402+03:00  INFO 16084 --- [    Test worker] liquibase.changelog                      : New row inserted into users
2025-11-10T15:45:19.405+03:00  INFO 16084 --- [    Test worker] liquibase.changelog                      : New row inserted into users
2025-11-10T15:45:19.407+03:00  INFO 16084 --- [    Test worker] liquibase.changelog                      : New row inserted into users
2025-11-10T15:45:19.410+03:00  INFO 16084 --- [    Test worker] liquibase.changelog                      : New row inserted into storages
2025-11-10T15:45:19.412+03:00  INFO 16084 --- [    Test worker] liquibase.changelog                      : New row inserted into storages
2025-11-10T15:45:19.415+03:00  INFO 16084 --- [    Test worker] liquibase.changelog                      : New row inserted into vehicles
2025-11-10T15:45:19.418+03:00  INFO 16084 --- [    Test worker] liquibase.changelog                      : New row inserted into items
2025-11-10T15:45:19.420+03:00  INFO 16084 --- [    Test worker] liquibase.changelog                      : New row inserted into items
2025-11-10T15:45:19.422+03:00  INFO 16084 --- [    Test worker] liquibase.changelog                      : New row inserted into items
2025-11-10T15:45:19.426+03:00  INFO 16084 --- [    Test worker] liquibase.changelog                      : New row inserted into keeping
2025-11-10T15:45:19.427+03:00  INFO 16084 --- [    Test worker] liquibase.changelog                      : New row inserted into keeping
2025-11-10T15:45:19.430+03:00  INFO 16084 --- [    Test worker] liquibase.changelog                      : New row inserted into keeping
2025-11-10T15:45:19.431+03:00  INFO 16084 --- [    Test worker] liquibase.changelog                      : ChangeSet db/changelog/changes/002-insert-test-data.yaml::2::warehouse ran successfully in 32ms
2025-11-10T15:45:19.432+03:00 DEBUG 16084 --- [onnection-adder] com.zaxxer.hikari.pool.HikariPool        : HikariPool-9 - After adding stats (total=4/10, idle=3/10, active=1, waiting=0)
2025-11-10T15:45:19.432+03:00 DEBUG 16084 --- [onnection-adder] com.zaxxer.hikari.pool.PoolBase          : HikariPool-9 - Attempting to create/setup new connection (30422c5f-40ac-4e73-b9ad-a420fdb3a0a0)
2025-11-10T15:45:19.436+03:00  INFO 16084 --- [    Test worker] liquibase.util                           : UPDATE SUMMARY
2025-11-10T15:45:19.436+03:00  INFO 16084 --- [    Test worker] liquibase.util                           : Run:                          2
2025-11-10T15:45:19.436+03:00  INFO 16084 --- [    Test worker] liquibase.util                           : Previously run:               0
2025-11-10T15:45:19.436+03:00  INFO 16084 --- [    Test worker] liquibase.util                           : Filtered out:                 0
2025-11-10T15:45:19.436+03:00  INFO 16084 --- [    Test worker] liquibase.util                           : -------------------------------
2025-11-10T15:45:19.436+03:00  INFO 16084 --- [    Test worker] liquibase.util                           : Total change sets:            2
2025-11-10T15:45:19.436+03:00  INFO 16084 --- [    Test worker] liquibase.util                           : Update summary generated
2025-11-10T15:45:19.436+03:00  INFO 16084 --- [    Test worker] liquibase.command                        : Update command completed successfully.
2025-11-10T15:45:19.436+03:00  INFO 16084 --- [    Test worker] liquibase.ui                             : Liquibase: Update has been successful. Rows affected: 14
2025-11-10T15:45:19.442+03:00  INFO 16084 --- [    Test worker] liquibase.lockservice                    : Successfully released change log lock
2025-11-10T15:45:19.443+03:00  INFO 16084 --- [    Test worker] liquibase.command                        : Command execution complete
2025-11-10T15:45:19.446+03:00 DEBUG 16084 --- [onnection-adder] com.zaxxer.hikari.pool.PoolBase          : HikariPool-9 - Established new connection (30422c5f-40ac-4e73-b9ad-a420fdb3a0a0)
2025-11-10T15:45:19.446+03:00 DEBUG 16084 --- [onnection-adder] com.zaxxer.hikari.pool.HikariPool        : HikariPool-9 - Added connection org.postgresql.jdbc.PgConnection@1d6b14d3
2025-11-10T15:45:19.462+03:00  INFO 16084 --- [    Test worker] o.hibernate.jpa.internal.util.LogHelper  : HHH000204: Processing PersistenceUnitInfo [name: default]
2025-11-10T15:45:19.468+03:00  INFO 16084 --- [    Test worker] o.h.c.internal.RegionFactoryInitiator    : HHH000026: Second-level cache disabled
2025-11-10T15:45:19.479+03:00 DEBUG 16084 --- [onnection-adder] com.zaxxer.hikari.pool.HikariPool        : HikariPool-9 - After adding stats (total=5/10, idle=5/10, active=0, waiting=0)
2025-11-10T15:45:19.479+03:00 DEBUG 16084 --- [onnection-adder] com.zaxxer.hikari.pool.PoolBase          : HikariPool-9 - Attempting to create/setup new connection (f76bdb78-1115-4d35-b623-5a40301d8df8)
2025-11-10T15:45:19.480+03:00  INFO 16084 --- [    Test worker] o.s.o.j.p.SpringPersistenceUnitInfo      : No LoadTimeWeaver setup: ignoring JPA class transformer
2025-11-10T15:45:19.486+03:00  INFO 16084 --- [    Test worker] org.hibernate.orm.connections.pooling    : HHH10001005: Database info:
	Database JDBC URL [Connecting through datasource 'HikariDataSource (HikariPool-9)']
	Database driver: undefined/unknown
	Database version: 15.14
	Autocommit mode: undefined/unknown
	Isolation level: undefined/unknown
	Minimum pool size: undefined/unknown
	Maximum pool size: undefined/unknown
2025-11-10T15:45:19.493+03:00 DEBUG 16084 --- [onnection-adder] com.zaxxer.hikari.pool.PoolBase          : HikariPool-9 - Established new connection (f76bdb78-1115-4d35-b623-5a40301d8df8)
2025-11-10T15:45:19.493+03:00 DEBUG 16084 --- [onnection-adder] com.zaxxer.hikari.pool.HikariPool        : HikariPool-9 - Added connection org.postgresql.jdbc.PgConnection@4071fa1e
2025-11-10T15:45:19.526+03:00 DEBUG 16084 --- [onnection-adder] com.zaxxer.hikari.pool.HikariPool        : HikariPool-9 - After adding stats (total=6/10, idle=6/10, active=0, waiting=0)
2025-11-10T15:45:19.526+03:00 DEBUG 16084 --- [onnection-adder] com.zaxxer.hikari.pool.PoolBase          : HikariPool-9 - Attempting to create/setup new connection (3f4dc532-5c74-4006-99fc-5493a2ee4177)
2025-11-10T15:45:19.538+03:00 DEBUG 16084 --- [onnection-adder] com.zaxxer.hikari.pool.PoolBase          : HikariPool-9 - Established new connection (3f4dc532-5c74-4006-99fc-5493a2ee4177)
2025-11-10T15:45:19.538+03:00 DEBUG 16084 --- [onnection-adder] com.zaxxer.hikari.pool.HikariPool        : HikariPool-9 - Added connection org.postgresql.jdbc.PgConnection@2c3c0da6
2025-11-10T15:45:19.573+03:00 DEBUG 16084 --- [onnection-adder] com.zaxxer.hikari.pool.HikariPool        : HikariPool-9 - After adding stats (total=7/10, idle=7/10, active=0, waiting=0)
2025-11-10T15:45:19.573+03:00 DEBUG 16084 --- [onnection-adder] com.zaxxer.hikari.pool.PoolBase          : HikariPool-9 - Attempting to create/setup new connection (7fa888d6-271e-49e7-9c34-b8bcc255635e)
2025-11-10T15:45:19.584+03:00  INFO 16084 --- [    Test worker] o.h.e.t.j.p.i.JtaPlatformInitiator       : HHH000489: No JTA platform available (set 'hibernate.transaction.jta.platform' to enable JTA platform integration)
2025-11-10T15:45:19.585+03:00 DEBUG 16084 --- [onnection-adder] com.zaxxer.hikari.pool.PoolBase          : HikariPool-9 - Established new connection (7fa888d6-271e-49e7-9c34-b8bcc255635e)
2025-11-10T15:45:19.585+03:00 DEBUG 16084 --- [onnection-adder] com.zaxxer.hikari.pool.HikariPool        : HikariPool-9 - Added connection org.postgresql.jdbc.PgConnection@38ccbdda
2025-11-10T15:45:19.600+03:00  INFO 16084 --- [    Test worker] j.LocalContainerEntityManagerFactoryBean : Initialized JPA EntityManagerFactory for persistence unit 'default'
2025-11-10T15:45:19.619+03:00 DEBUG 16084 --- [onnection-adder] com.zaxxer.hikari.pool.HikariPool        : HikariPool-9 - After adding stats (total=8/10, idle=8/10, active=0, waiting=0)
2025-11-10T15:45:19.619+03:00 DEBUG 16084 --- [onnection-adder] com.zaxxer.hikari.pool.PoolBase          : HikariPool-9 - Attempting to create/setup new connection (e0d090a8-3647-472f-b138-770c365320b9)
2025-11-10T15:45:19.633+03:00 DEBUG 16084 --- [onnection-adder] com.zaxxer.hikari.pool.PoolBase          : HikariPool-9 - Established new connection (e0d090a8-3647-472f-b138-770c365320b9)
2025-11-10T15:45:19.633+03:00 DEBUG 16084 --- [onnection-adder] com.zaxxer.hikari.pool.HikariPool        : HikariPool-9 - Added connection org.postgresql.jdbc.PgConnection@7d44eb9c
2025-11-10T15:45:19.665+03:00 DEBUG 16084 --- [onnection-adder] com.zaxxer.hikari.pool.HikariPool        : HikariPool-9 - After adding stats (total=9/10, idle=9/10, active=0, waiting=0)
2025-11-10T15:45:19.665+03:00 DEBUG 16084 --- [onnection-adder] com.zaxxer.hikari.pool.PoolBase          : HikariPool-9 - Attempting to create/setup new connection (ebe7f590-d101-46ac-9e3c-9d1f22734d97)
2025-11-10T15:45:19.677+03:00 DEBUG 16084 --- [onnection-adder] com.zaxxer.hikari.pool.PoolBase          : HikariPool-9 - Established new connection (ebe7f590-d101-46ac-9e3c-9d1f22734d97)
2025-11-10T15:45:19.677+03:00 DEBUG 16084 --- [onnection-adder] com.zaxxer.hikari.pool.HikariPool        : HikariPool-9 - Added connection org.postgresql.jdbc.PgConnection@322a5f20
2025-11-10T15:45:19.710+03:00 DEBUG 16084 --- [onnection-adder] com.zaxxer.hikari.pool.HikariPool        : HikariPool-9 - After adding stats (total=10/10, idle=10/10, active=0, waiting=0)
2025-11-10T15:45:19.710+03:00 DEBUG 16084 --- [onnection-adder] com.zaxxer.hikari.pool.HikariPool        : HikariPool-9 - Connection not added, stats (total=10/10, idle=10/10, active=0, waiting=0)
2025-11-10T15:45:19.841+03:00  WARN 16084 --- [    Test worker] JpaBaseConfiguration$JpaWebConfiguration : spring.jpa.open-in-view is enabled by default. Therefore, database queries may be performed during view rendering. Explicitly configure spring.jpa.open-in-view to disable this warning
2025-11-10T15:45:19.962+03:00  INFO 16084 --- [    Test worker] TransportationServiceImplIntegrationTest : Started TransportationServiceImplIntegrationTest in 1.186 seconds (process running for 90.253)
2025-11-10T15:45:19.971+03:00 DEBUG 16084 --- [    Test worker] o.s.jdbc.datasource.init.ScriptUtils     : Executing SQL script from class path resource [cleanup.sql]
2025-11-10T15:45:19.985+03:00 DEBUG 16084 --- [    Test worker] o.s.jdbc.datasource.init.ScriptUtils     : 0 returned as update count for SQL: TRUNCATE TABLE vehicles, user_storage_access, storages, users, items, borrowings, transportations, keeping, item_maintenance, user_storage_access RESTART IDENTITY CASCADE
2025-11-10T15:45:19.985+03:00 DEBUG 16084 --- [    Test worker] o.s.jdbc.datasource.init.ScriptUtils     : Executed SQL script from class path resource [cleanup.sql] in 14 ms.
2025-11-10T15:45:20.044+03:00  INFO 16084 --- [    Test worker] c.e.w.service.TransportationServiceImpl  : Completing transportation with ID: 1
2025-11-10T15:45:20.057+03:00 DEBUG 16084 --- [    Test worker] o.s.jdbc.datasource.init.ScriptUtils     : Executing SQL script from class path resource [cleanup.sql]
2025-11-10T15:45:20.071+03:00 DEBUG 16084 --- [    Test worker] o.s.jdbc.datasource.init.ScriptUtils     : 0 returned as update count for SQL: TRUNCATE TABLE vehicles, user_storage_access, storages, users, items, borrowings, transportations, keeping, item_maintenance, user_storage_access RESTART IDENTITY CASCADE
2025-11-10T15:45:20.071+03:00 DEBUG 16084 --- [    Test worker] o.s.jdbc.datasource.init.ScriptUtils     : Executed SQL script from class path resource [cleanup.sql] in 14 ms.
2025-11-10T15:45:20.133+03:00 DEBUG 16084 --- [    Test worker] o.s.jdbc.datasource.init.ScriptUtils     : Executing SQL script from class path resource [cleanup.sql]
2025-11-10T15:45:20.148+03:00 DEBUG 16084 --- [    Test worker] o.s.jdbc.datasource.init.ScriptUtils     : 0 returned as update count for SQL: TRUNCATE TABLE vehicles, user_storage_access, storages, users, items, borrowings, transportations, keeping, item_maintenance, user_storage_access RESTART IDENTITY CASCADE
2025-11-10T15:45:20.148+03:00 DEBUG 16084 --- [    Test worker] o.s.jdbc.datasource.init.ScriptUtils     : Executed SQL script from class path resource [cleanup.sql] in 15 ms.
2025-11-10T15:45:20.216+03:00 DEBUG 16084 --- [    Test worker] o.s.jdbc.datasource.init.ScriptUtils     : Executing SQL script from class path resource [cleanup.sql]
2025-11-10T15:45:20.230+03:00 DEBUG 16084 --- [    Test worker] o.s.jdbc.datasource.init.ScriptUtils     : 0 returned as update count for SQL: TRUNCATE TABLE vehicles, user_storage_access, storages, users, items, borrowings, transportations, keeping, item_maintenance, user_storage_access RESTART IDENTITY CASCADE
2025-11-10T15:45:20.230+03:00 DEBUG 16084 --- [    Test worker] o.s.jdbc.datasource.init.ScriptUtils     : Executed SQL script from class path resource [cleanup.sql] in 14 ms.
2025-11-10T15:45:20.284+03:00  INFO 16084 --- [    Test worker] c.e.w.service.TransportationServiceImpl  : Updating transportation with ID: 999
2025-11-10T15:45:20.296+03:00 DEBUG 16084 --- [    Test worker] o.s.jdbc.datasource.init.ScriptUtils     : Executing SQL script from class path resource [cleanup.sql]
2025-11-10T15:45:20.310+03:00 DEBUG 16084 --- [    Test worker] o.s.jdbc.datasource.init.ScriptUtils     : 0 returned as update count for SQL: TRUNCATE TABLE vehicles, user_storage_access, storages, users, items, borrowings, transportations, keeping, item_maintenance, user_storage_access RESTART IDENTITY CASCADE
2025-11-10T15:45:20.310+03:00 DEBUG 16084 --- [    Test worker] o.s.jdbc.datasource.init.ScriptUtils     : Executed SQL script from class path resource [cleanup.sql] in 14 ms.
2025-11-10T15:45:20.382+03:00 DEBUG 16084 --- [    Test worker] o.s.jdbc.datasource.init.ScriptUtils     : Executing SQL script from class path resource [cleanup.sql]
2025-11-10T15:45:20.397+03:00 DEBUG 16084 --- [    Test worker] o.s.jdbc.datasource.init.ScriptUtils     : 0 returned as update count for SQL: TRUNCATE TABLE vehicles, user_storage_access, storages, users, items, borrowings, transportations, keeping, item_maintenance, user_storage_access RESTART IDENTITY CASCADE
2025-11-10T15:45:20.397+03:00 DEBUG 16084 --- [    Test worker] o.s.jdbc.datasource.init.ScriptUtils     : Executed SQL script from class path resource [cleanup.sql] in 15 ms.
2025-11-10T15:45:20.453+03:00  INFO 16084 --- [    Test worker] c.e.w.service.TransportationServiceImpl  : Starting transportation with ID: 1
2025-11-10T15:45:20.455+03:00  INFO 16084 --- [    Test worker] c.e.w.service.TransportationServiceImpl  : Transportation with ID: 1 started successfully
2025-11-10T15:45:20.463+03:00 DEBUG 16084 --- [    Test worker] o.s.jdbc.datasource.init.ScriptUtils     : Executing SQL script from class path resource [cleanup.sql]
2025-11-10T15:45:20.483+03:00 DEBUG 16084 --- [    Test worker] o.s.jdbc.datasource.init.ScriptUtils     : 0 returned as update count for SQL: TRUNCATE TABLE vehicles, user_storage_access, storages, users, items, borrowings, transportations, keeping, item_maintenance, user_storage_access RESTART IDENTITY CASCADE
2025-11-10T15:45:20.483+03:00 DEBUG 16084 --- [    Test worker] o.s.jdbc.datasource.init.ScriptUtils     : Executed SQL script from class path resource [cleanup.sql] in 19 ms.
2025-11-10T15:45:20.535+03:00  INFO 16084 --- [    Test worker] c.e.w.service.TransportationServiceImpl  : Canceling transportation with ID: 1
2025-11-10T15:45:20.536+03:00  INFO 16084 --- [    Test worker] c.e.w.service.TransportationServiceImpl  : Transportation with ID: 1 cancelled successfully
2025-11-10T15:45:20.546+03:00 DEBUG 16084 --- [    Test worker] o.s.jdbc.datasource.init.ScriptUtils     : Executing SQL script from class path resource [cleanup.sql]
2025-11-10T15:45:20.563+03:00 DEBUG 16084 --- [    Test worker] o.s.jdbc.datasource.init.ScriptUtils     : 0 returned as update count for SQL: TRUNCATE TABLE vehicles, user_storage_access, storages, users, items, borrowings, transportations, keeping, item_maintenance, user_storage_access RESTART IDENTITY CASCADE
2025-11-10T15:45:20.563+03:00 DEBUG 16084 --- [    Test worker] o.s.jdbc.datasource.init.ScriptUtils     : Executed SQL script from class path resource [cleanup.sql] in 17 ms.
2025-11-10T15:45:20.630+03:00 DEBUG 16084 --- [    Test worker] o.s.jdbc.datasource.init.ScriptUtils     : Executing SQL script from class path resource [cleanup.sql]
2025-11-10T15:45:20.645+03:00 DEBUG 16084 --- [    Test worker] o.s.jdbc.datasource.init.ScriptUtils     : 0 returned as update count for SQL: TRUNCATE TABLE vehicles, user_storage_access, storages, users, items, borrowings, transportations, keeping, item_maintenance, user_storage_access RESTART IDENTITY CASCADE
2025-11-10T15:45:20.645+03:00 DEBUG 16084 --- [    Test worker] o.s.jdbc.datasource.init.ScriptUtils     : Executed SQL script from class path resource [cleanup.sql] in 15 ms.
2025-11-10T15:45:20.701+03:00  INFO 16084 --- [    Test worker] c.e.w.service.TransportationServiceImpl  : Creating new transportation for item ID: 1 from storage 1 to storage 2
2025-11-10T15:45:20.702+03:00  INFO 16084 --- [    Test worker] c.e.w.service.VehicleServiceImpl         : Getting vehicle by ID: 1
2025-11-10T15:45:20.707+03:00  INFO 16084 --- [    Test worker] c.e.w.service.TransportationServiceImpl  : Transportation created successfully with ID: 5
2025-11-10T15:45:20.714+03:00 DEBUG 16084 --- [    Test worker] o.s.jdbc.datasource.init.ScriptUtils     : Executing SQL script from class path resource [cleanup.sql]
2025-11-10T15:45:20.727+03:00 DEBUG 16084 --- [    Test worker] o.s.jdbc.datasource.init.ScriptUtils     : 0 returned as update count for SQL: TRUNCATE TABLE vehicles, user_storage_access, storages, users, items, borrowings, transportations, keeping, item_maintenance, user_storage_access RESTART IDENTITY CASCADE
2025-11-10T15:45:20.727+03:00 DEBUG 16084 --- [    Test worker] o.s.jdbc.datasource.init.ScriptUtils     : Executed SQL script from class path resource [cleanup.sql] in 12 ms.
2025-11-10T15:45:20.784+03:00  INFO 16084 --- [    Test worker] c.e.w.service.TransportationServiceImpl  : Completing transportation with ID: 2
2025-11-10T15:45:20.785+03:00  INFO 16084 --- [    Test worker] c.e.w.service.TransportationServiceImpl  : Transportation with ID: 2 completed successfully
2025-11-10T15:45:20.792+03:00 DEBUG 16084 --- [    Test worker] o.s.jdbc.datasource.init.ScriptUtils     : Executing SQL script from class path resource [cleanup.sql]
2025-11-10T15:45:20.806+03:00 DEBUG 16084 --- [    Test worker] o.s.jdbc.datasource.init.ScriptUtils     : 0 returned as update count for SQL: TRUNCATE TABLE vehicles, user_storage_access, storages, users, items, borrowings, transportations, keeping, item_maintenance, user_storage_access RESTART IDENTITY CASCADE
2025-11-10T15:45:20.806+03:00 DEBUG 16084 --- [    Test worker] o.s.jdbc.datasource.init.ScriptUtils     : Executed SQL script from class path resource [cleanup.sql] in 14 ms.
2025-11-10T15:45:20.858+03:00  INFO 16084 --- [    Test worker] c.e.w.service.TransportationServiceImpl  : Creating new transportation for item ID: 999 from storage 1 to storage 2
2025-11-10T15:45:20.868+03:00 DEBUG 16084 --- [    Test worker] o.s.jdbc.datasource.init.ScriptUtils     : Executing SQL script from class path resource [cleanup.sql]
2025-11-10T15:45:20.881+03:00 DEBUG 16084 --- [    Test worker] o.s.jdbc.datasource.init.ScriptUtils     : 0 returned as update count for SQL: TRUNCATE TABLE vehicles, user_storage_access, storages, users, items, borrowings, transportations, keeping, item_maintenance, user_storage_access RESTART IDENTITY CASCADE
2025-11-10T15:45:20.881+03:00 DEBUG 16084 --- [    Test worker] o.s.jdbc.datasource.init.ScriptUtils     : Executed SQL script from class path resource [cleanup.sql] in 13 ms.
2025-11-10T15:45:20.944+03:00  INFO 16084 --- [    Test worker] c.e.w.service.TransportationServiceImpl  : Starting transportation with ID: 2
2025-11-10T15:45:20.952+03:00 DEBUG 16084 --- [    Test worker] o.s.jdbc.datasource.init.ScriptUtils     : Executing SQL script from class path resource [cleanup.sql]
2025-11-10T15:45:20.967+03:00 DEBUG 16084 --- [    Test worker] o.s.jdbc.datasource.init.ScriptUtils     : 0 returned as update count for SQL: TRUNCATE TABLE vehicles, user_storage_access, storages, users, items, borrowings, transportations, keeping, item_maintenance, user_storage_access RESTART IDENTITY CASCADE
2025-11-10T15:45:20.967+03:00 DEBUG 16084 --- [    Test worker] o.s.jdbc.datasource.init.ScriptUtils     : Executed SQL script from class path resource [cleanup.sql] in 15 ms.
2025-11-10T15:45:21.032+03:00  INFO 16084 --- [    Test worker] c.e.w.service.TransportationServiceImpl  : Updating transportation with ID: 3
2025-11-10T15:45:21.040+03:00 DEBUG 16084 --- [    Test worker] o.s.jdbc.datasource.init.ScriptUtils     : Executing SQL script from class path resource [cleanup.sql]
2025-11-10T15:45:21.053+03:00 DEBUG 16084 --- [    Test worker] o.s.jdbc.datasource.init.ScriptUtils     : 0 returned as update count for SQL: TRUNCATE TABLE vehicles, user_storage_access, storages, users, items, borrowings, transportations, keeping, item_maintenance, user_storage_access RESTART IDENTITY CASCADE
2025-11-10T15:45:21.053+03:00 DEBUG 16084 --- [    Test worker] o.s.jdbc.datasource.init.ScriptUtils     : Executed SQL script from class path resource [cleanup.sql] in 13 ms.
2025-11-10T15:45:21.103+03:00  INFO 16084 --- [    Test worker] c.e.w.service.TransportationServiceImpl  : Deleting transportation with ID: 999
2025-11-10T15:45:21.112+03:00 DEBUG 16084 --- [    Test worker] o.s.jdbc.datasource.init.ScriptUtils     : Executing SQL script from class path resource [cleanup.sql]
2025-11-10T15:45:21.125+03:00 DEBUG 16084 --- [    Test worker] o.s.jdbc.datasource.init.ScriptUtils     : 0 returned as update count for SQL: TRUNCATE TABLE vehicles, user_storage_access, storages, users, items, borrowings, transportations, keeping, item_maintenance, user_storage_access RESTART IDENTITY CASCADE
2025-11-10T15:45:21.125+03:00 DEBUG 16084 --- [    Test worker] o.s.jdbc.datasource.init.ScriptUtils     : Executed SQL script from class path resource [cleanup.sql] in 13 ms.
2025-11-10T15:45:21.197+03:00 DEBUG 16084 --- [    Test worker] o.s.jdbc.datasource.init.ScriptUtils     : Executing SQL script from class path resource [cleanup.sql]
2025-11-10T15:45:21.211+03:00 DEBUG 16084 --- [    Test worker] o.s.jdbc.datasource.init.ScriptUtils     : 0 returned as update count for SQL: TRUNCATE TABLE vehicles, user_storage_access, storages, users, items, borrowings, transportations, keeping, item_maintenance, user_storage_access RESTART IDENTITY CASCADE
2025-11-10T15:45:21.211+03:00 DEBUG 16084 --- [    Test worker] o.s.jdbc.datasource.init.ScriptUtils     : Executed SQL script from class path resource [cleanup.sql] in 14 ms.
2025-11-10T15:45:21.277+03:00 DEBUG 16084 --- [    Test worker] o.s.jdbc.datasource.init.ScriptUtils     : Executing SQL script from class path resource [cleanup.sql]
2025-11-10T15:45:21.288+03:00 DEBUG 16084 --- [    Test worker] o.s.jdbc.datasource.init.ScriptUtils     : 0 returned as update count for SQL: TRUNCATE TABLE vehicles, user_storage_access, storages, users, items, borrowings, transportations, keeping, item_maintenance, user_storage_access RESTART IDENTITY CASCADE
2025-11-10T15:45:21.288+03:00 DEBUG 16084 --- [    Test worker] o.s.jdbc.datasource.init.ScriptUtils     : Executed SQL script from class path resource [cleanup.sql] in 11 ms.
2025-11-10T15:45:21.352+03:00 DEBUG 16084 --- [    Test worker] o.s.jdbc.datasource.init.ScriptUtils     : Executing SQL script from class path resource [cleanup.sql]
2025-11-10T15:45:21.367+03:00 DEBUG 16084 --- [    Test worker] o.s.jdbc.datasource.init.ScriptUtils     : 0 returned as update count for SQL: TRUNCATE TABLE vehicles, user_storage_access, storages, users, items, borrowings, transportations, keeping, item_maintenance, user_storage_access RESTART IDENTITY CASCADE
2025-11-10T15:45:21.368+03:00 DEBUG 16084 --- [    Test worker] o.s.jdbc.datasource.init.ScriptUtils     : Executed SQL script from class path resource [cleanup.sql] in 16 ms.
2025-11-10T15:45:21.441+03:00  INFO 16084 --- [    Test worker] c.e.w.service.TransportationServiceImpl  : Updating transportation with ID: 1
2025-11-10T15:45:21.442+03:00  INFO 16084 --- [    Test worker] c.e.w.service.VehicleServiceImpl         : Getting vehicle by ID: 2
2025-11-10T15:45:21.445+03:00  INFO 16084 --- [    Test worker] c.e.w.service.TransportationServiceImpl  : Transportation with ID: 1 updated successfully
2025-11-10T15:45:21.456+03:00 DEBUG 16084 --- [    Test worker] o.s.jdbc.datasource.init.ScriptUtils     : Executing SQL script from class path resource [cleanup.sql]
2025-11-10T15:45:21.493+03:00 DEBUG 16084 --- [    Test worker] o.s.jdbc.datasource.init.ScriptUtils     : 0 returned as update count for SQL: TRUNCATE TABLE vehicles, user_storage_access, storages, users, items, borrowings, transportations, keeping, item_maintenance, user_storage_access RESTART IDENTITY CASCADE
2025-11-10T15:45:21.493+03:00 DEBUG 16084 --- [    Test worker] o.s.jdbc.datasource.init.ScriptUtils     : Executed SQL script from class path resource [cleanup.sql] in 37 ms.
2025-11-10T15:45:21.582+03:00 DEBUG 16084 --- [    Test worker] o.s.jdbc.datasource.init.ScriptUtils     : Executing SQL script from class path resource [cleanup.sql]
2025-11-10T15:45:21.609+03:00 DEBUG 16084 --- [    Test worker] o.s.jdbc.datasource.init.ScriptUtils     : 0 returned as update count for SQL: TRUNCATE TABLE vehicles, user_storage_access, storages, users, items, borrowings, transportations, keeping, item_maintenance, user_storage_access RESTART IDENTITY CASCADE
2025-11-10T15:45:21.610+03:00 DEBUG 16084 --- [    Test worker] o.s.jdbc.datasource.init.ScriptUtils     : Executed SQL script from class path resource [cleanup.sql] in 28 ms.
2025-11-10T15:45:21.697+03:00 DEBUG 16084 --- [    Test worker] o.s.jdbc.datasource.init.ScriptUtils     : Executing SQL script from class path resource [cleanup.sql]
2025-11-10T15:45:21.713+03:00 DEBUG 16084 --- [    Test worker] o.s.jdbc.datasource.init.ScriptUtils     : 0 returned as update count for SQL: TRUNCATE TABLE vehicles, user_storage_access, storages, users, items, borrowings, transportations, keeping, item_maintenance, user_storage_access RESTART IDENTITY CASCADE
2025-11-10T15:45:21.713+03:00 DEBUG 16084 --- [    Test worker] o.s.jdbc.datasource.init.ScriptUtils     : Executed SQL script from class path resource [cleanup.sql] in 16 ms.
2025-11-10T15:45:21.770+03:00  INFO 16084 --- [    Test worker] c.e.w.service.TransportationServiceImpl  : Deleting transportation with ID: 1
2025-11-10T15:45:21.771+03:00  INFO 16084 --- [    Test worker] c.e.w.service.TransportationServiceImpl  : Transportation with ID: 1 deleted successfully
2025-11-10T15:45:21.784+03:00 DEBUG 16084 --- [    Test worker] o.s.jdbc.datasource.init.ScriptUtils     : Executing SQL script from class path resource [cleanup.sql]
2025-11-10T15:45:21.798+03:00 DEBUG 16084 --- [    Test worker] o.s.jdbc.datasource.init.ScriptUtils     : 0 returned as update count for SQL: TRUNCATE TABLE vehicles, user_storage_access, storages, users, items, borrowings, transportations, keeping, item_maintenance, user_storage_access RESTART IDENTITY CASCADE
2025-11-10T15:45:21.798+03:00 DEBUG 16084 --- [    Test worker] o.s.jdbc.datasource.init.ScriptUtils     : Executed SQL script from class path resource [cleanup.sql] in 14 ms.
2025-11-10T15:45:21.855+03:00  INFO 16084 --- [    Test worker] c.e.w.service.TransportationServiceImpl  : Creating new transportation for item ID: 1 from storage 1 to storage 1
2025-11-10T15:45:21.856+03:00  INFO 16084 --- [    Test worker] c.e.w.service.VehicleServiceImpl         : Getting vehicle by ID: 1
2025-11-10T15:45:21.863+03:00 DEBUG 16084 --- [    Test worker] o.s.jdbc.datasource.init.ScriptUtils     : Executing SQL script from class path resource [cleanup.sql]
2025-11-10T15:45:21.875+03:00 DEBUG 16084 --- [    Test worker] o.s.jdbc.datasource.init.ScriptUtils     : 0 returned as update count for SQL: TRUNCATE TABLE vehicles, user_storage_access, storages, users, items, borrowings, transportations, keeping, item_maintenance, user_storage_access RESTART IDENTITY CASCADE
2025-11-10T15:45:21.875+03:00 DEBUG 16084 --- [    Test worker] o.s.jdbc.datasource.init.ScriptUtils     : Executed SQL script from class path resource [cleanup.sql] in 12 ms.
2025-11-10T15:45:21.925+03:00  INFO 16084 --- [    Test worker] c.e.w.service.TransportationServiceImpl  : Updating transportation with ID: 1
2025-11-10T15:45:21.925+03:00  INFO 16084 --- [    Test worker] c.e.w.service.TransportationServiceImpl  : Transportation with ID: 1 updated successfully
2025-11-10T15:45:21.932+03:00 DEBUG 16084 --- [    Test worker] o.s.jdbc.datasource.init.ScriptUtils     : Executing SQL script from class path resource [cleanup.sql]
2025-11-10T15:45:21.945+03:00 DEBUG 16084 --- [    Test worker] o.s.jdbc.datasource.init.ScriptUtils     : 0 returned as update count for SQL: TRUNCATE TABLE vehicles, user_storage_access, storages, users, items, borrowings, transportations, keeping, item_maintenance, user_storage_access RESTART IDENTITY CASCADE
2025-11-10T15:45:21.945+03:00 DEBUG 16084 --- [    Test worker] o.s.jdbc.datasource.init.ScriptUtils     : Executed SQL script from class path resource [cleanup.sql] in 13 ms.
2025-11-10T15:45:22.012+03:00 DEBUG 16084 --- [    Test worker] o.s.jdbc.datasource.init.ScriptUtils     : Executing SQL script from class path resource [cleanup.sql]
2025-11-10T15:45:22.026+03:00 DEBUG 16084 --- [    Test worker] o.s.jdbc.datasource.init.ScriptUtils     : 0 returned as update count for SQL: TRUNCATE TABLE vehicles, user_storage_access, storages, users, items, borrowings, transportations, keeping, item_maintenance, user_storage_access RESTART IDENTITY CASCADE
2025-11-10T15:45:22.026+03:00 DEBUG 16084 --- [    Test worker] o.s.jdbc.datasource.init.ScriptUtils     : Executed SQL script from class path resource [cleanup.sql] in 14 ms.
2025-11-10T15:45:22.091+03:00 DEBUG 16084 --- [    Test worker] o.s.jdbc.datasource.init.ScriptUtils     : Executing SQL script from class path resource [cleanup.sql]
2025-11-10T15:45:22.104+03:00 DEBUG 16084 --- [    Test worker] o.s.jdbc.datasource.init.ScriptUtils     : 0 returned as update count for SQL: TRUNCATE TABLE vehicles, user_storage_access, storages, users, items, borrowings, transportations, keeping, item_maintenance, user_storage_access RESTART IDENTITY CASCADE
2025-11-10T15:45:22.104+03:00 DEBUG 16084 --- [    Test worker] o.s.jdbc.datasource.init.ScriptUtils     : Executed SQL script from class path resource [cleanup.sql] in 13 ms.
2025-11-10T15:45:22.159+03:00  INFO 16084 --- [    Test worker] c.e.w.service.TransportationServiceImpl  : Creating new transportation for item ID: 1 from storage 1 to storage 2
2025-11-10T15:45:22.159+03:00  INFO 16084 --- [    Test worker] c.e.w.service.VehicleServiceImpl         : Getting vehicle by ID: 1
2025-11-10T15:45:22.168+03:00 DEBUG 16084 --- [    Test worker] o.s.jdbc.datasource.init.ScriptUtils     : Executing SQL script from class path resource [cleanup.sql]
2025-11-10T15:45:22.180+03:00 DEBUG 16084 --- [    Test worker] o.s.jdbc.datasource.init.ScriptUtils     : 0 returned as update count for SQL: TRUNCATE TABLE vehicles, user_storage_access, storages, users, items, borrowings, transportations, keeping, item_maintenance, user_storage_access RESTART IDENTITY CASCADE
2025-11-10T15:45:22.180+03:00 DEBUG 16084 --- [    Test worker] o.s.jdbc.datasource.init.ScriptUtils     : Executed SQL script from class path resource [cleanup.sql] in 12 ms.
2025-11-10T15:45:22.233+03:00  INFO 16084 --- [    Test worker] c.e.w.service.TransportationServiceImpl  : Updating transportation with ID: 2
2025-11-10T15:45:22.234+03:00  INFO 16084 --- [    Test worker] c.e.w.service.TransportationServiceImpl  : Transportation with ID: 2 updated successfully
2025-11-10T15:45:22.241+03:00 DEBUG 16084 --- [    Test worker] o.s.jdbc.datasource.init.ScriptUtils     : Executing SQL script from class path resource [cleanup.sql]
2025-11-10T15:45:22.254+03:00 DEBUG 16084 --- [    Test worker] o.s.jdbc.datasource.init.ScriptUtils     : 0 returned as update count for SQL: TRUNCATE TABLE vehicles, user_storage_access, storages, users, items, borrowings, transportations, keeping, item_maintenance, user_storage_access RESTART IDENTITY CASCADE
2025-11-10T15:45:22.254+03:00 DEBUG 16084 --- [    Test worker] o.s.jdbc.datasource.init.ScriptUtils     : Executed SQL script from class path resource [cleanup.sql] in 13 ms.
2025-11-10T15:45:22.303+03:00  INFO 16084 --- [    Test worker] c.e.w.service.TransportationServiceImpl  : Canceling transportation with ID: 3
2025-11-10T15:45:22.310+03:00 DEBUG 16084 --- [    Test worker] o.s.jdbc.datasource.init.ScriptUtils     : Executing SQL script from class path resource [cleanup.sql]
2025-11-10T15:45:22.325+03:00 DEBUG 16084 --- [    Test worker] o.s.jdbc.datasource.init.ScriptUtils     : 0 returned as update count for SQL: TRUNCATE TABLE vehicles, user_storage_access, storages, users, items, borrowings, transportations, keeping, item_maintenance, user_storage_access RESTART IDENTITY CASCADE
2025-11-10T15:45:22.325+03:00 DEBUG 16084 --- [    Test worker] o.s.jdbc.datasource.init.ScriptUtils     : Executed SQL script from class path resource [cleanup.sql] in 15 ms.
2025-11-10T15:45:22.385+03:00 DEBUG 16084 --- [    Test worker] o.s.jdbc.datasource.init.ScriptUtils     : Executing SQL script from class path resource [cleanup.sql]
2025-11-10T15:45:22.398+03:00 DEBUG 16084 --- [    Test worker] o.s.jdbc.datasource.init.ScriptUtils     : 0 returned as update count for SQL: TRUNCATE TABLE vehicles, user_storage_access, storages, users, items, borrowings, transportations, keeping, item_maintenance, user_storage_access RESTART IDENTITY CASCADE
2025-11-10T15:45:22.398+03:00 DEBUG 16084 --- [    Test worker] o.s.jdbc.datasource.init.ScriptUtils     : Executed SQL script from class path resource [cleanup.sql] in 13 ms.
2025-11-10T15:45:22.449+03:00  INFO 16084 --- [    Test worker] c.e.w.service.TransportationServiceImpl  : Updating transportation with ID: 2
2025-11-10T15:45:22.450+03:00  INFO 16084 --- [    Test worker] c.e.w.service.TransportationServiceImpl  : Transportation with ID: 2 updated successfully
2025-11-10T15:45:22.457+03:00 DEBUG 16084 --- [    Test worker] o.s.jdbc.datasource.init.ScriptUtils     : Executing SQL script from class path resource [cleanup.sql]
2025-11-10T15:45:22.475+03:00 DEBUG 16084 --- [    Test worker] o.s.jdbc.datasource.init.ScriptUtils     : 0 returned as update count for SQL: TRUNCATE TABLE vehicles, user_storage_access, storages, users, items, borrowings, transportations, keeping, item_maintenance, user_storage_access RESTART IDENTITY CASCADE
2025-11-10T15:45:22.475+03:00 DEBUG 16084 --- [    Test worker] o.s.jdbc.datasource.init.ScriptUtils     : Executed SQL script from class path resource [cleanup.sql] in 18 ms.
2025-11-10T15:45:22.530+03:00  INFO 16084 --- [    Test worker] c.e.w.service.TransportationServiceImpl  : Updating transportation with ID: 1
2025-11-10T15:45:22.530+03:00  INFO 16084 --- [    Test worker] c.e.w.service.TransportationServiceImpl  : Transportation with ID: 1 updated successfully
2025-11-10T15:45:22.538+03:00 DEBUG 16084 --- [    Test worker] o.s.jdbc.datasource.init.ScriptUtils     : Executing SQL script from class path resource [cleanup.sql]
2025-11-10T15:45:22.551+03:00 DEBUG 16084 --- [    Test worker] o.s.jdbc.datasource.init.ScriptUtils     : 0 returned as update count for SQL: TRUNCATE TABLE vehicles, user_storage_access, storages, users, items, borrowings, transportations, keeping, item_maintenance, user_storage_access RESTART IDENTITY CASCADE
2025-11-10T15:45:22.552+03:00 DEBUG 16084 --- [    Test worker] o.s.jdbc.datasource.init.ScriptUtils     : Executed SQL script from class path resource [cleanup.sql] in 14 ms.
2025-11-10T15:45:22.604+03:00  INFO 16084 --- [    Test worker] c.e.w.service.TransportationServiceImpl  : Deleting transportation with ID: 3
]]></system-out>
  <system-err><![CDATA[]]></system-err>
</testsuite>
