<?xml version="1.0" encoding="UTF-8"?>
<testsuite name="com.example.warehouse.api.ApiExceptionHandlerIT$Validation" tests="1" skipped="0" failures="0" errors="0" timestamp="2025-11-10T12:44:27.504Z" hostname="ASUS-TUF" time="0.275">
  <properties/>
  <testcase name="validationErrors_400_fieldsAndMessages()" classname="com.example.warehouse.api.ApiExceptionHandlerIT$Validation" time="0.275"/>
  <system-out><![CDATA[2025-11-10T15:44:27.492+03:00  INFO 16084 --- [    Test worker] t.c.s.AnnotationConfigContextLoaderUtils : Could not detect default configuration classes for test class [com.example.warehouse.api.ApiExceptionHandlerIT$Validation]: Validation does not declare any static, non-private, non-final, nested classes annotated with @Configuration.
2025-11-10T15:44:27.496+03:00  INFO 16084 --- [    Test worker] .b.t.c.SpringBootTestContextBootstrapper : Found @SpringBootConfiguration com.example.warehouse.WarehouseApplication for test class com.example.warehouse.api.ApiExceptionHandlerIT$Validation
]]></system-out>
  <system-err><![CDATA[]]></system-err>
</testsuite>
