<?xml version="1.0" encoding="UTF-8"?>
<testsuite name="com.example.warehouse.dto.UserRequestDTOValidationTest" tests="2" skipped="0" failures="0" errors="0" timestamp="2025-11-10T12:44:29.166Z" hostname="ASUS-TUF" time="0.105">
  <properties/>
  <testcase name="invalid_fields()" classname="com.example.warehouse.dto.UserRequestDTOValidationTest" time="0.101"/>
  <testcase name="valid()" classname="com.example.warehouse.dto.UserRequestDTOValidationTest" time="0.004"/>
  <system-out><![CDATA[]]></system-out>
  <system-err><![CDATA[]]></system-err>
</testsuite>
